{"/Users/gylove1994/mirai/mitsuki/package/common/logger.adapter.ts": {"path":"/Users/gylove1994/mirai/mitsuki/package/common/logger.adapter.ts","statementMap":{"0":{"start":{"line":3,"column":0},"end":{"line":3,"column":56}},"1":{"start":{"line":9,"column":4},"end":{"line":9,"column":108}},"2":{"start":{"line":5,"column":0},"end":{"line":5,"column":13}}},"fnMap":{"0":{"name":"(anonymous_0)","decl":{"start":{"line":8,"column":9},"end":{"line":8,"column":15}},"loc":{"start":{"line":8,"column":40},"end":{"line":10,"column":3}}}},"branchMap":{"0":{"loc":{"start":{"line":9,"column":11},"end":{"line":9,"column":107}},"type":"cond-expr","locations":[{"start":{"line":9,"column":40},"end":{"line":9,"column":75}},{"start":{"line":9,"column":78},"end":{"line":9,"column":107}}]}},"s":{"0":1,"1":33,"2":1},"f":{"0":33},"b":{"0":[0,33]}}
,"/Users/gylove1994/mirai/mitsuki/package/common/logger.factory.ts": {"path":"/Users/gylove1994/mirai/mitsuki/package/common/logger.factory.ts","statementMap":{"0":{"start":{"line":2,"column":0},"end":{"line":2,"column":26}},"1":{"start":{"line":3,"column":0},"end":{"line":3,"column":42}},"2":{"start":{"line":6,"column":17},"end":{"line":21,"column":4}},"3":{"start":{"line":13,"column":8},"end":{"line":17,"column":47}},"4":{"start":{"line":22,"column":2},"end":{"line":22,"column":16}},"5":{"start":{"line":5,"column":0},"end":{"line":5,"column":16}}},"fnMap":{"0":{"name":"mitsukiLoggerFactory","decl":{"start":{"line":5,"column":16},"end":{"line":5,"column":36}},"loc":{"start":{"line":5,"column":51},"end":{"line":23,"column":1}}},"1":{"name":"(anonymous_8)","decl":{"start":{"line":12,"column":20},"end":{"line":12,"column":21}},"loc":{"start":{"line":12,"column":54},"end":{"line":18,"column":7}}}},"branchMap":{},"s":{"0":1,"1":1,"2":33,"3":284,"4":33,"5":1},"f":{"0":33,"1":284},"b":{}}
,"/Users/gylove1994/mirai/mitsuki/package/core/container.ts": {"path":"/Users/gylove1994/mirai/mitsuki/package/core/container.ts","statementMap":{"0":{"start":{"line":2,"column":0},"end":{"line":2,"column":58}},"1":{"start":{"line":4,"column":0},"end":{"line":4,"column":null}},"2":{"start":{"line":25,"column":0},"end":{"line":25,"column":57}},"3":{"start":{"line":26,"column":0},"end":{"line":26,"column":62}},"4":{"start":{"line":27,"column":0},"end":{"line":27,"column":69}},"5":{"start":{"line":28,"column":0},"end":{"line":28,"column":38}},"6":{"start":{"line":29,"column":0},"end":{"line":29,"column":57}},"7":{"start":{"line":31,"column":0},"end":{"line":31,"column":26}},"8":{"start":{"line":32,"column":0},"end":{"line":32,"column":41}},"9":{"start":{"line":33,"column":0},"end":{"line":33,"column":49}},"10":{"start":{"line":36,"column":10},"end":{"line":36,"column":37}},"11":{"start":{"line":52,"column":4},"end":{"line":52,"column":30}},"12":{"start":{"line":53,"column":4},"end":{"line":53,"column":33}},"13":{"start":{"line":54,"column":4},"end":{"line":54,"column":38}},"14":{"start":{"line":55,"column":4},"end":{"line":55,"column":27}},"15":{"start":{"line":56,"column":4},"end":{"line":56,"column":40}},"16":{"start":{"line":59,"column":4},"end":{"line":62,"column":null}},"17":{"start":{"line":60,"column":6},"end":{"line":60,"column":81}},"18":{"start":{"line":61,"column":6},"end":{"line":61,"column":74}},"19":{"start":{"line":63,"column":4},"end":{"line":65,"column":null}},"20":{"start":{"line":64,"column":6},"end":{"line":64,"column":78}},"21":{"start":{"line":66,"column":4},"end":{"line":66,"column":40}},"22":{"start":{"line":67,"column":4},"end":{"line":67,"column":35}},"23":{"start":{"line":70,"column":4},"end":{"line":70,"column":72}},"24":{"start":{"line":71,"column":4},"end":{"line":94,"column":null}},"25":{"start":{"line":72,"column":6},"end":{"line":72,"column":40}},"26":{"start":{"line":74,"column":6},"end":{"line":74,"column":53}},"27":{"start":{"line":75,"column":6},"end":{"line":78,"column":null}},"28":{"start":{"line":76,"column":8},"end":{"line":76,"column":53}},"29":{"start":{"line":77,"column":8},"end":{"line":77,"column":42}},"30":{"start":{"line":79,"column":6},"end":{"line":79,"column":51}},"31":{"start":{"line":80,"column":6},"end":{"line":80,"column":62}},"32":{"start":{"line":81,"column":6},"end":{"line":93,"column":9}},"33":{"start":{"line":82,"column":8},"end":{"line":85,"column":11}},"34":{"start":{"line":83,"column":10},"end":{"line":83,"column":54}},"35":{"start":{"line":84,"column":10},"end":{"line":84,"column":28}},"36":{"start":{"line":86,"column":8},"end":{"line":92,"column":10}},"37":{"start":{"line":88,"column":12},"end":{"line":88,"column":70}},"38":{"start":{"line":89,"column":12},"end":{"line":89,"column":54}},"39":{"start":{"line":97,"column":4},"end":{"line":104,"column":7}},"40":{"start":{"line":98,"column":6},"end":{"line":103,"column":null}},"41":{"start":{"line":99,"column":8},"end":{"line":99,"column":28}},"42":{"start":{"line":102,"column":8},"end":{"line":102,"column":41}},"43":{"start":{"line":115,"column":4},"end":{"line":126,"column":null}},"44":{"start":{"line":116,"column":6},"end":{"line":125,"column":null}},"45":{"start":{"line":117,"column":43},"end":{"line":122,"column":10}},"46":{"start":{"line":123,"column":8},"end":{"line":123,"column":55}},"47":{"start":{"line":124,"column":8},"end":{"line":124,"column":28}},"48":{"start":{"line":127,"column":4},"end":{"line":127,"column":49}},"49":{"start":{"line":128,"column":60},"end":{"line":132,"column":null}},"50":{"start":{"line":134,"column":4},"end":{"line":149,"column":null}},"51":{"start":{"line":135,"column":6},"end":{"line":143,"column":9}},"52":{"start":{"line":136,"column":8},"end":{"line":136,"column":54}},"53":{"start":{"line":137,"column":20},"end":{"line":137,"column":55}},"54":{"start":{"line":138,"column":8},"end":{"line":138,"column":49}},"55":{"start":{"line":139,"column":8},"end":{"line":141,"column":null}},"56":{"start":{"line":140,"column":10},"end":{"line":140,"column":59}},"57":{"start":{"line":142,"column":8},"end":{"line":142,"column":19}},"58":{"start":{"line":145,"column":18},"end":{"line":145,"column":35}},"59":{"start":{"line":146,"column":6},"end":{"line":146,"column":47}},"60":{"start":{"line":147,"column":6},"end":{"line":147,"column":55}},"61":{"start":{"line":148,"column":6},"end":{"line":148,"column":17}},"62":{"start":{"line":156,"column":16},"end":{"line":164,"column":6}},"63":{"start":{"line":157,"column":6},"end":{"line":163,"column":null}},"64":{"start":{"line":162,"column":8},"end":{"line":162,"column":20}},"65":{"start":{"line":165,"column":4},"end":{"line":165,"column":31}},"66":{"start":{"line":165,"column":14},"end":{"line":165,"column":31}},"67":{"start":{"line":166,"column":17},"end":{"line":166,"column":48}},"68":{"start":{"line":168,"column":4},"end":{"line":212,"column":null}},"69":{"start":{"line":169,"column":6},"end":{"line":169,"column":64}},"70":{"start":{"line":170,"column":6},"end":{"line":209,"column":null}},"71":{"start":{"line":171,"column":8},"end":{"line":171,"column":72}},"72":{"start":{"line":172,"column":8},"end":{"line":175,"column":10}},"73":{"start":{"line":176,"column":13},"end":{"line":209,"column":null}},"74":{"start":{"line":179,"column":30},"end":{"line":179,"column":62}},"75":{"start":{"line":180,"column":31},"end":{"line":180,"column":33}},"76":{"start":{"line":181,"column":8},"end":{"line":183,"column":null}},"77":{"start":{"line":182,"column":10},"end":{"line":182,"column":25}},"78":{"start":{"line":184,"column":8},"end":{"line":186,"column":null}},"79":{"start":{"line":185,"column":10},"end":{"line":185,"column":25}},"80":{"start":{"line":187,"column":8},"end":{"line":205,"column":null}},"81":{"start":{"line":187,"column":70},"end":{"line":187,"column":94}},"82":{"start":{"line":189,"column":10},"end":{"line":196,"column":null}},"83":{"start":{"line":190,"column":12},"end":{"line":192,"column":14}},"84":{"start":{"line":193,"column":22},"end":{"line":193,"column":68}},"85":{"start":{"line":194,"column":12},"end":{"line":194,"column":94}},"86":{"start":{"line":195,"column":12},"end":{"line":195,"column":23}},"87":{"start":{"line":198,"column":10},"end":{"line":200,"column":12}},"88":{"start":{"line":201,"column":10},"end":{"line":201,"column":58}},"89":{"start":{"line":203,"column":10},"end":{"line":203,"column":90}},"90":{"start":{"line":204,"column":10},"end":{"line":204,"column":83}},"91":{"start":{"line":207,"column":8},"end":{"line":207,"column":59}},"92":{"start":{"line":208,"column":8},"end":{"line":208,"column":52}},"93":{"start":{"line":211,"column":6},"end":{"line":211,"column":23}},"94":{"start":{"line":221,"column":4},"end":{"line":221,"column":52}},"95":{"start":{"line":223,"column":4},"end":{"line":227,"column":null}},"96":{"start":{"line":224,"column":6},"end":{"line":224,"column":71}},"97":{"start":{"line":226,"column":6},"end":{"line":226,"column":80}},"98":{"start":{"line":228,"column":60},"end":{"line":295,"column":6}},"99":{"start":{"line":230,"column":47},"end":{"line":234,"column":8}},"100":{"start":{"line":235,"column":18},"end":{"line":243,"column":8}},"101":{"start":{"line":236,"column":8},"end":{"line":242,"column":null}},"102":{"start":{"line":241,"column":10},"end":{"line":241,"column":22}},"103":{"start":{"line":245,"column":6},"end":{"line":247,"column":null}},"104":{"start":{"line":246,"column":8},"end":{"line":246,"column":47}},"105":{"start":{"line":248,"column":18},"end":{"line":248,"column":96}},"106":{"start":{"line":249,"column":6},"end":{"line":294,"column":null}},"107":{"start":{"line":250,"column":8},"end":{"line":258,"column":null}},"108":{"start":{"line":251,"column":10},"end":{"line":257,"column":null}},"109":{"start":{"line":252,"column":12},"end":{"line":252,"column":120}},"110":{"start":{"line":253,"column":17},"end":{"line":257,"column":null}},"111":{"start":{"line":254,"column":12},"end":{"line":254,"column":42}},"112":{"start":{"line":255,"column":17},"end":{"line":257,"column":null}},"113":{"start":{"line":256,"column":12},"end":{"line":256,"column":46}},"114":{"start":{"line":259,"column":8},"end":{"line":259,"column":88}},"115":{"start":{"line":260,"column":8},"end":{"line":260,"column":19}},"116":{"start":{"line":263,"column":8},"end":{"line":276,"column":null}},"117":{"start":{"line":272,"column":10},"end":{"line":274,"column":12}},"118":{"start":{"line":275,"column":10},"end":{"line":275,"column":79}},"119":{"start":{"line":279,"column":30},"end":{"line":279,"column":62}},"120":{"start":{"line":280,"column":31},"end":{"line":280,"column":33}},"121":{"start":{"line":281,"column":8},"end":{"line":283,"column":null}},"122":{"start":{"line":282,"column":10},"end":{"line":282,"column":25}},"123":{"start":{"line":286,"column":10},"end":{"line":288,"column":12}},"124":{"start":{"line":289,"column":10},"end":{"line":289,"column":57}},"125":{"start":{"line":296,"column":4},"end":{"line":331,"column":null}},"126":{"start":{"line":297,"column":18},"end":{"line":297,"column":56}},"127":{"start":{"line":299,"column":6},"end":{"line":327,"column":null}},"128":{"start":{"line":300,"column":26},"end":{"line":325,"column":10}},"129":{"start":{"line":301,"column":10},"end":{"line":323,"column":null}},"130":{"start":{"line":302,"column":12},"end":{"line":315,"column":null}},"131":{"start":{"line":303,"column":14},"end":{"line":310,"column":16}},"132":{"start":{"line":311,"column":19},"end":{"line":315,"column":null}},"133":{"start":{"line":312,"column":14},"end":{"line":312,"column":44}},"134":{"start":{"line":313,"column":19},"end":{"line":315,"column":null}},"135":{"start":{"line":314,"column":14},"end":{"line":314,"column":48}},"136":{"start":{"line":316,"column":17},"end":{"line":323,"column":null}},"137":{"start":{"line":317,"column":12},"end":{"line":319,"column":14}},"138":{"start":{"line":320,"column":12},"end":{"line":322,"column":14}},"139":{"start":{"line":324,"column":10},"end":{"line":324,"column":21}},"140":{"start":{"line":326,"column":8},"end":{"line":326,"column":44}},"141":{"start":{"line":328,"column":6},"end":{"line":328,"column":17}},"142":{"start":{"line":330,"column":6},"end":{"line":330,"column":16}},"143":{"start":{"line":335,"column":4},"end":{"line":335,"column":57}},"144":{"start":{"line":336,"column":42},"end":{"line":338,"column":18}},"145":{"start":{"line":339,"column":4},"end":{"line":341,"column":null}},"146":{"start":{"line":340,"column":6},"end":{"line":340,"column":62}},"147":{"start":{"line":342,"column":33},"end":{"line":344,"column":38}},"148":{"start":{"line":346,"column":4},"end":{"line":346,"column":49}},"149":{"start":{"line":347,"column":4},"end":{"line":349,"column":null}},"150":{"start":{"line":348,"column":6},"end":{"line":348,"column":57}},"151":{"start":{"line":351,"column":20},"end":{"line":359,"column":6}},"152":{"start":{"line":352,"column":22},"end":{"line":352,"column":59}},"153":{"start":{"line":354,"column":6},"end":{"line":357,"column":9}},"154":{"start":{"line":355,"column":8},"end":{"line":355,"column":61}},"155":{"start":{"line":356,"column":8},"end":{"line":356,"column":68}},"156":{"start":{"line":358,"column":6},"end":{"line":358,"column":21}},"157":{"start":{"line":361,"column":17},"end":{"line":361,"column":58}},"158":{"start":{"line":362,"column":4},"end":{"line":362,"column":57}},"159":{"start":{"line":364,"column":4},"end":{"line":364,"column":53}},"160":{"start":{"line":365,"column":4},"end":{"line":367,"column":null}},"161":{"start":{"line":366,"column":6},"end":{"line":366,"column":61}},"162":{"start":{"line":369,"column":4},"end":{"line":369,"column":66}},"163":{"start":{"line":370,"column":51},"end":{"line":370,"column":53}},"164":{"start":{"line":371,"column":4},"end":{"line":375,"column":null}},"165":{"start":{"line":372,"column":6},"end":{"line":372,"column":50}},"166":{"start":{"line":373,"column":11},"end":{"line":375,"column":null}},"167":{"start":{"line":374,"column":6},"end":{"line":374,"column":42}},"168":{"start":{"line":376,"column":26},"end":{"line":454,"column":6}},"169":{"start":{"line":377,"column":6},"end":{"line":453,"column":null}},"170":{"start":{"line":378,"column":8},"end":{"line":427,"column":null}},"171":{"start":{"line":379,"column":10},"end":{"line":389,"column":null}},"172":{"start":{"line":380,"column":12},"end":{"line":380,"column":85}},"173":{"start":{"line":381,"column":22},"end":{"line":386,"column":30}},"174":{"start":{"line":387,"column":12},"end":{"line":387,"column":56}},"175":{"start":{"line":388,"column":12},"end":{"line":388,"column":21}},"176":{"start":{"line":390,"column":27},"end":{"line":390,"column":109}},"177":{"start":{"line":391,"column":10},"end":{"line":391,"column":71}},"178":{"start":{"line":392,"column":10},"end":{"line":392,"column":26}},"179":{"start":{"line":393,"column":15},"end":{"line":427,"column":null}},"180":{"start":{"line":394,"column":10},"end":{"line":404,"column":null}},"181":{"start":{"line":395,"column":12},"end":{"line":395,"column":85}},"182":{"start":{"line":396,"column":22},"end":{"line":401,"column":30}},"183":{"start":{"line":402,"column":12},"end":{"line":402,"column":56}},"184":{"start":{"line":403,"column":12},"end":{"line":403,"column":21}},"185":{"start":{"line":405,"column":27},"end":{"line":405,"column":49}},"186":{"start":{"line":406,"column":10},"end":{"line":406,"column":72}},"187":{"start":{"line":407,"column":10},"end":{"line":407,"column":73}},"188":{"start":{"line":408,"column":10},"end":{"line":408,"column":26}},"189":{"start":{"line":409,"column":15},"end":{"line":427,"column":null}},"190":{"start":{"line":410,"column":10},"end":{"line":420,"column":null}},"191":{"start":{"line":411,"column":12},"end":{"line":411,"column":85}},"192":{"start":{"line":412,"column":22},"end":{"line":417,"column":30}},"193":{"start":{"line":418,"column":12},"end":{"line":418,"column":56}},"194":{"start":{"line":419,"column":12},"end":{"line":419,"column":21}},"195":{"start":{"line":421,"column":10},"end":{"line":421,"column":76}},"196":{"start":{"line":422,"column":10},"end":{"line":422,"column":73}},"197":{"start":{"line":423,"column":10},"end":{"line":423,"column":30}},"198":{"start":{"line":425,"column":10},"end":{"line":425,"column":87}},"199":{"start":{"line":426,"column":10},"end":{"line":426,"column":80}},"200":{"start":{"line":429,"column":53},"end":{"line":429,"column":92}},"201":{"start":{"line":430,"column":21},"end":{"line":430,"column":57}},"202":{"start":{"line":431,"column":8},"end":{"line":438,"column":null}},"203":{"start":{"line":432,"column":10},"end":{"line":434,"column":12}},"204":{"start":{"line":435,"column":10},"end":{"line":437,"column":12}},"205":{"start":{"line":439,"column":8},"end":{"line":449,"column":null}},"206":{"start":{"line":440,"column":10},"end":{"line":440,"column":79}},"207":{"start":{"line":441,"column":20},"end":{"line":446,"column":28}},"208":{"start":{"line":447,"column":10},"end":{"line":447,"column":50}},"209":{"start":{"line":448,"column":10},"end":{"line":448,"column":19}},"210":{"start":{"line":450,"column":25},"end":{"line":450,"column":94}},"211":{"start":{"line":451,"column":8},"end":{"line":451,"column":68}},"212":{"start":{"line":452,"column":8},"end":{"line":452,"column":24}},"213":{"start":{"line":456,"column":4},"end":{"line":464,"column":null}},"214":{"start":{"line":457,"column":6},"end":{"line":457,"column":39}},"215":{"start":{"line":458,"column":6},"end":{"line":458,"column":79}},"216":{"start":{"line":460,"column":6},"end":{"line":460,"column":56}},"217":{"start":{"line":461,"column":6},"end":{"line":463,"column":null}},"218":{"start":{"line":462,"column":8},"end":{"line":462,"column":64}},"219":{"start":{"line":466,"column":4},"end":{"line":466,"column":65}},"220":{"start":{"line":467,"column":47},"end":{"line":467,"column":49}},"221":{"start":{"line":468,"column":4},"end":{"line":472,"column":null}},"222":{"start":{"line":469,"column":6},"end":{"line":469,"column":47}},"223":{"start":{"line":470,"column":11},"end":{"line":472,"column":null}},"224":{"start":{"line":471,"column":6},"end":{"line":471,"column":39}},"225":{"start":{"line":473,"column":4},"end":{"line":491,"column":7}},"226":{"start":{"line":474,"column":6},"end":{"line":490,"column":null}},"227":{"start":{"line":475,"column":8},"end":{"line":483,"column":null}},"228":{"start":{"line":476,"column":10},"end":{"line":476,"column":79}},"229":{"start":{"line":477,"column":10},"end":{"line":477,"column":55}},"230":{"start":{"line":478,"column":10},"end":{"line":478,"column":17}},"231":{"start":{"line":480,"column":10},"end":{"line":482,"column":12}},"232":{"start":{"line":485,"column":8},"end":{"line":489,"column":11}},"233":{"start":{"line":486,"column":10},"end":{"line":488,"column":null}},"234":{"start":{"line":487,"column":12},"end":{"line":487,"column":58}},"235":{"start":{"line":492,"column":4},"end":{"line":492,"column":78}},"236":{"start":{"line":494,"column":4},"end":{"line":494,"column":53}},"237":{"start":{"line":495,"column":4},"end":{"line":497,"column":null}},"238":{"start":{"line":496,"column":6},"end":{"line":496,"column":61}},"239":{"start":{"line":498,"column":4},"end":{"line":498,"column":67}},"240":{"start":{"line":499,"column":28},"end":{"line":606,"column":6}},"241":{"start":{"line":500,"column":6},"end":{"line":503,"column":null}},"242":{"start":{"line":501,"column":8},"end":{"line":501,"column":72}},"243":{"start":{"line":502,"column":8},"end":{"line":502,"column":61}},"244":{"start":{"line":504,"column":33},"end":{"line":504,"column":97}},"245":{"start":{"line":505,"column":6},"end":{"line":505,"column":59}},"246":{"start":{"line":507,"column":20},"end":{"line":507,"column":61}},"247":{"start":{"line":508,"column":23},"end":{"line":602,"column":8}},"248":{"start":{"line":509,"column":8},"end":{"line":601,"column":null}},"249":{"start":{"line":510,"column":51},"end":{"line":510,"column":96}},"250":{"start":{"line":511,"column":10},"end":{"line":516,"column":null}},"251":{"start":{"line":512,"column":12},"end":{"line":514,"column":14}},"252":{"start":{"line":515,"column":12},"end":{"line":515,"column":19}},"253":{"start":{"line":517,"column":42},"end":{"line":521,"column":12}},"254":{"start":{"line":524,"column":10},"end":{"line":596,"column":null}},"255":{"start":{"line":525,"column":39},"end":{"line":525,"column":105}},"256":{"start":{"line":526,"column":12},"end":{"line":542,"column":null}},"257":{"start":{"line":528,"column":25},"end":{"line":539,"column":null}},"258":{"start":{"line":530,"column":18},"end":{"line":537,"column":null}},"259":{"start":{"line":531,"column":38},"end":{"line":531,"column":75}},"260":{"start":{"line":532,"column":20},"end":{"line":535,"column":null}},"261":{"start":{"line":533,"column":22},"end":{"line":533,"column":84}},"262":{"start":{"line":534,"column":22},"end":{"line":534,"column":82}},"263":{"start":{"line":536,"column":20},"end":{"line":536,"column":56}},"264":{"start":{"line":538,"column":18},"end":{"line":538,"column":29}},"265":{"start":{"line":541,"column":14},"end":{"line":541,"column":98}},"266":{"start":{"line":543,"column":32},"end":{"line":543,"column":55}},"267":{"start":{"line":544,"column":12},"end":{"line":544,"column":103}},"268":{"start":{"line":545,"column":24},"end":{"line":545,"column":25}},"269":{"start":{"line":546,"column":12},"end":{"line":595,"column":15}},"270":{"start":{"line":547,"column":29},"end":{"line":547,"column":36}},"271":{"start":{"line":548,"column":14},"end":{"line":550,"column":16}},"272":{"start":{"line":552,"column":28},"end":{"line":589,"column":16}},"273":{"start":{"line":553,"column":16},"end":{"line":579,"column":null}},"274":{"start":{"line":554,"column":18},"end":{"line":563,"column":20}},"275":{"start":{"line":564,"column":23},"end":{"line":579,"column":null}},"276":{"start":{"line":565,"column":18},"end":{"line":578,"column":null}},"277":{"start":{"line":566,"column":20},"end":{"line":573,"column":22}},"278":{"start":{"line":574,"column":25},"end":{"line":578,"column":null}},"279":{"start":{"line":575,"column":20},"end":{"line":575,"column":55}},"280":{"start":{"line":576,"column":25},"end":{"line":578,"column":null}},"281":{"start":{"line":577,"column":20},"end":{"line":577,"column":59}},"282":{"start":{"line":588,"column":16},"end":{"line":588,"column":32}},"283":{"start":{"line":590,"column":27},"end":{"line":590,"column":51}},"284":{"start":{"line":591,"column":14},"end":{"line":591,"column":73}},"285":{"start":{"line":592,"column":14},"end":{"line":594,"column":16}},"286":{"start":{"line":597,"column":10},"end":{"line":597,"column":54}},"287":{"start":{"line":598,"column":10},"end":{"line":598,"column":32}},"288":{"start":{"line":600,"column":10},"end":{"line":600,"column":27}},"289":{"start":{"line":604,"column":6},"end":{"line":604,"column":34}},"290":{"start":{"line":605,"column":6},"end":{"line":605,"column":73}},"291":{"start":{"line":608,"column":4},"end":{"line":610,"column":null}},"292":{"start":{"line":609,"column":6},"end":{"line":609,"column":41}},"293":{"start":{"line":612,"column":4},"end":{"line":612,"column":53}},"294":{"start":{"line":613,"column":4},"end":{"line":615,"column":null}},"295":{"start":{"line":614,"column":6},"end":{"line":614,"column":61}},"296":{"start":{"line":617,"column":4},"end":{"line":617,"column":39}},"297":{"start":{"line":621,"column":4},"end":{"line":624,"column":null}},"298":{"start":{"line":622,"column":6},"end":{"line":622,"column":37}},"299":{"start":{"line":623,"column":6},"end":{"line":623,"column":18}},"300":{"start":{"line":625,"column":4},"end":{"line":625,"column":35}},"301":{"start":{"line":626,"column":4},"end":{"line":626,"column":16}},"302":{"start":{"line":635,"column":14},"end":{"line":635,"column":19}},"303":{"start":{"line":636,"column":14},"end":{"line":678,"column":6}},"304":{"start":{"line":637,"column":6},"end":{"line":672,"column":null}},"305":{"start":{"line":638,"column":8},"end":{"line":638,"column":37}},"306":{"start":{"line":639,"column":8},"end":{"line":639,"column":19}},"307":{"start":{"line":640,"column":13},"end":{"line":672,"column":null}},"308":{"start":{"line":641,"column":29},"end":{"line":641,"column":59}},"309":{"start":{"line":642,"column":8},"end":{"line":645,"column":null}},"310":{"start":{"line":643,"column":10},"end":{"line":643,"column":50}},"311":{"start":{"line":644,"column":10},"end":{"line":644,"column":21}},"312":{"start":{"line":646,"column":8},"end":{"line":650,"column":10}},"313":{"start":{"line":651,"column":13},"end":{"line":672,"column":null}},"314":{"start":{"line":653,"column":8},"end":{"line":662,"column":null}},"315":{"start":{"line":654,"column":10},"end":{"line":654,"column":66}},"316":{"start":{"line":656,"column":10},"end":{"line":660,"column":12}},"317":{"start":{"line":661,"column":10},"end":{"line":661,"column":33}},"318":{"start":{"line":663,"column":8},"end":{"line":666,"column":null}},"319":{"start":{"line":664,"column":10},"end":{"line":664,"column":50}},"320":{"start":{"line":665,"column":10},"end":{"line":665,"column":21}},"321":{"start":{"line":667,"column":8},"end":{"line":671,"column":10}},"322":{"start":{"line":673,"column":6},"end":{"line":677,"column":8}},"323":{"start":{"line":679,"column":4},"end":{"line":681,"column":null}},"324":{"start":{"line":680,"column":6},"end":{"line":680,"column":27}},"325":{"start":{"line":682,"column":4},"end":{"line":682,"column":15}},"326":{"start":{"line":689,"column":4},"end":{"line":703,"column":7}},"327":{"start":{"line":690,"column":6},"end":{"line":702,"column":null}},"328":{"start":{"line":691,"column":8},"end":{"line":696,"column":11}},"329":{"start":{"line":692,"column":10},"end":{"line":695,"column":null}},"330":{"start":{"line":693,"column":12},"end":{"line":693,"column":21}},"331":{"start":{"line":694,"column":12},"end":{"line":694,"column":20}},"332":{"start":{"line":698,"column":8},"end":{"line":701,"column":11}},"333":{"start":{"line":699,"column":10},"end":{"line":699,"column":19}},"334":{"start":{"line":700,"column":10},"end":{"line":700,"column":18}},"335":{"start":{"line":706,"column":4},"end":{"line":706,"column":30}},"336":{"start":{"line":35,"column":0},"end":{"line":35,"column":13}},"337":{"start":{"line":37,"column":17},"end":{"line":37,"column":45}},"338":{"start":{"line":39,"column":16},"end":{"line":39,"column":56}},"339":{"start":{"line":40,"column":16},"end":{"line":40,"column":76}},"340":{"start":{"line":41,"column":16},"end":{"line":41,"column":77}},"341":{"start":{"line":42,"column":16},"end":{"line":42,"column":48}},"342":{"start":{"line":43,"column":16},"end":{"line":43,"column":67}},"343":{"start":{"line":44,"column":16},"end":{"line":44,"column":49}}},"fnMap":{"0":{"name":"(anonymous_1)","decl":{"start":{"line":51,"column":2},"end":{"line":51,"column":14}},"loc":{"start":{"line":51,"column":26},"end":{"line":57,"column":3}}},"1":{"name":"(anonymous_2)","decl":{"start":{"line":58,"column":9},"end":{"line":58,"column":15}},"loc":{"start":{"line":58,"column":96},"end":{"line":68,"column":3}}},"2":{"name":"(anonymous_3)","decl":{"start":{"line":69,"column":9},"end":{"line":69,"column":14}},"loc":{"start":{"line":69,"column":60},"end":{"line":95,"column":3}}},"3":{"name":"(anonymous_4)","decl":{"start":{"line":81,"column":25},"end":{"line":81,"column":26}},"loc":{"start":{"line":81,"column":45},"end":{"line":93,"column":7}}},"4":{"name":"(anonymous_5)","decl":{"start":{"line":82,"column":30},"end":{"line":82,"column":31}},"loc":{"start":{"line":82,"column":43},"end":{"line":85,"column":9}}},"5":{"name":"(anonymous_6)","decl":{"start":{"line":87,"column":10},"end":{"line":87,"column":13}},"loc":{"start":{"line":87,"column":15},"end":{"line":90,"column":11}}},"6":{"name":"(anonymous_7)","decl":{"start":{"line":96,"column":9},"end":{"line":96,"column":15}},"loc":{"start":{"line":96,"column":73},"end":{"line":105,"column":3}}},"7":{"name":"(anonymous_8)","decl":{"start":{"line":97,"column":25},"end":{"line":97,"column":26}},"loc":{"start":{"line":97,"column":33},"end":{"line":104,"column":5}}},"8":{"name":"(anonymous_9)","decl":{"start":{"line":107,"column":9},"end":{"line":107,"column":15}},"loc":{"start":{"line":113,"column":20},"end":{"line":150,"column":3}}},"9":{"name":"(anonymous_10)","decl":{"start":{"line":135,"column":51},"end":{"line":135,"column":52}},"loc":{"start":{"line":135,"column":59},"end":{"line":143,"column":7}}},"10":{"name":"(anonymous_11)","decl":{"start":{"line":151,"column":9},"end":{"line":151,"column":15}},"loc":{"start":{"line":154,"column":44},"end":{"line":213,"column":3}}},"11":{"name":"(anonymous_12)","decl":{"start":{"line":156,"column":55},"end":{"line":156,"column":56}},"loc":{"start":{"line":156,"column":63},"end":{"line":164,"column":5}}},"12":{"name":"(anonymous_13)","decl":{"start":{"line":187,"column":61},"end":{"line":187,"column":62}},"loc":{"start":{"line":187,"column":70},"end":{"line":187,"column":94}}},"13":{"name":"(anonymous_14)","decl":{"start":{"line":214,"column":9},"end":{"line":214,"column":15}},"loc":{"start":{"line":218,"column":44},"end":{"line":332,"column":3}}},"14":{"name":"(anonymous_15)","decl":{"start":{"line":228,"column":80},"end":{"line":228,"column":85}},"loc":{"start":{"line":228,"column":103},"end":{"line":295,"column":5}}},"15":{"name":"(anonymous_16)","decl":{"start":{"line":235,"column":57},"end":{"line":235,"column":58}},"loc":{"start":{"line":235,"column":65},"end":{"line":243,"column":7}}},"16":{"name":"(anonymous_17)","decl":{"start":{"line":300,"column":34},"end":{"line":300,"column":39}},"loc":{"start":{"line":300,"column":48},"end":{"line":325,"column":9}}},"17":{"name":"(anonymous_18)","decl":{"start":{"line":334,"column":9},"end":{"line":334,"column":15}},"loc":{"start":{"line":334,"column":87},"end":{"line":618,"column":3}}},"18":{"name":"(anonymous_19)","decl":{"start":{"line":351,"column":48},"end":{"line":351,"column":53}},"loc":{"start":{"line":351,"column":65},"end":{"line":359,"column":5}}},"19":{"name":"(anonymous_20)","decl":{"start":{"line":354,"column":42},"end":{"line":354,"column":43}},"loc":{"start":{"line":354,"column":60},"end":{"line":357,"column":7}}},"20":{"name":"(anonymous_21)","decl":{"start":{"line":376,"column":41},"end":{"line":376,"column":46}},"loc":{"start":{"line":376,"column":55},"end":{"line":454,"column":5}}},"21":{"name":"(anonymous_22)","decl":{"start":{"line":473,"column":17},"end":{"line":473,"column":18}},"loc":{"start":{"line":473,"column":25},"end":{"line":491,"column":5}}},"22":{"name":"(anonymous_23)","decl":{"start":{"line":485,"column":38},"end":{"line":485,"column":39}},"loc":{"start":{"line":485,"column":56},"end":{"line":489,"column":9}}},"23":{"name":"(anonymous_24)","decl":{"start":{"line":499,"column":59},"end":{"line":499,"column":64}},"loc":{"start":{"line":499,"column":73},"end":{"line":606,"column":5}}},"24":{"name":"(anonymous_25)","decl":{"start":{"line":508,"column":62},"end":{"line":508,"column":67}},"loc":{"start":{"line":508,"column":76},"end":{"line":602,"column":7}}},"25":{"name":"(anonymous_26)","decl":{"start":{"line":529,"column":42},"end":{"line":529,"column":47}},"loc":{"start":{"line":529,"column":56},"end":{"line":539,"column":17}}},"26":{"name":"(anonymous_27)","decl":{"start":{"line":546,"column":26},"end":{"line":546,"column":31}},"loc":{"start":{"line":546,"column":40},"end":{"line":595,"column":13}}},"27":{"name":"(anonymous_28)","decl":{"start":{"line":552,"column":52},"end":{"line":552,"column":57}},"loc":{"start":{"line":552,"column":87},"end":{"line":589,"column":15}}},"28":{"name":"(anonymous_29)","decl":{"start":{"line":620,"column":9},"end":{"line":620,"column":25}},"loc":{"start":{"line":620,"column":78},"end":{"line":627,"column":3}}},"29":{"name":"(anonymous_30)","decl":{"start":{"line":629,"column":10},"end":{"line":629,"column":16}},"loc":{"start":{"line":633,"column":52},"end":{"line":683,"column":3}}},"30":{"name":"(anonymous_31)","decl":{"start":{"line":636,"column":24},"end":{"line":636,"column":29}},"loc":{"start":{"line":636,"column":36},"end":{"line":678,"column":5}}},"31":{"name":"(anonymous_32)","decl":{"start":{"line":684,"column":9},"end":{"line":684,"column":15}},"loc":{"start":{"line":687,"column":26},"end":{"line":704,"column":3}}},"32":{"name":"(anonymous_33)","decl":{"start":{"line":689,"column":23},"end":{"line":689,"column":24}},"loc":{"start":{"line":689,"column":34},"end":{"line":703,"column":5}}},"33":{"name":"(anonymous_34)","decl":{"start":{"line":691,"column":33},"end":{"line":691,"column":34}},"loc":{"start":{"line":691,"column":52},"end":{"line":696,"column":9}}},"34":{"name":"(anonymous_35)","decl":{"start":{"line":698,"column":33},"end":{"line":698,"column":34}},"loc":{"start":{"line":698,"column":52},"end":{"line":701,"column":9}}},"35":{"name":"(anonymous_36)","decl":{"start":{"line":705,"column":9},"end":{"line":705,"column":15}},"loc":{"start":{"line":705,"column":60},"end":{"line":707,"column":3}}}},"branchMap":{"0":{"loc":{"start":{"line":59,"column":4},"end":{"line":62,"column":null}},"type":"if","locations":[{"start":{"line":59,"column":4},"end":{"line":62,"column":null}}]},"1":{"loc":{"start":{"line":63,"column":4},"end":{"line":65,"column":null}},"type":"if","locations":[{"start":{"line":63,"column":4},"end":{"line":65,"column":null}}]},"2":{"loc":{"start":{"line":71,"column":4},"end":{"line":94,"column":null}},"type":"if","locations":[{"start":{"line":71,"column":4},"end":{"line":94,"column":null}},{"start":{"line":73,"column":11},"end":{"line":94,"column":null}}]},"3":{"loc":{"start":{"line":75,"column":6},"end":{"line":78,"column":null}},"type":"if","locations":[{"start":{"line":75,"column":6},"end":{"line":78,"column":null}}]},"4":{"loc":{"start":{"line":91,"column":10},"end":{"line":91,"column":40}},"type":"cond-expr","locations":[{"start":{"line":91,"column":23},"end":{"line":91,"column":33}},{"start":{"line":91,"column":36},"end":{"line":91,"column":40}}]},"5":{"loc":{"start":{"line":98,"column":6},"end":{"line":103,"column":null}},"type":"if","locations":[{"start":{"line":98,"column":6},"end":{"line":103,"column":null}},{"start":{"line":100,"column":13},"end":{"line":103,"column":null}}]},"6":{"loc":{"start":{"line":115,"column":4},"end":{"line":126,"column":null}},"type":"if","locations":[{"start":{"line":115,"column":4},"end":{"line":126,"column":null}}]},"7":{"loc":{"start":{"line":116,"column":6},"end":{"line":125,"column":null}},"type":"if","locations":[{"start":{"line":116,"column":6},"end":{"line":125,"column":null}}]},"8":{"loc":{"start":{"line":116,"column":10},"end":{"line":116,"column":42}},"type":"binary-expr","locations":[{"start":{"line":116,"column":10},"end":{"line":116,"column":15}},{"start":{"line":116,"column":19},"end":{"line":116,"column":42}}]},"9":{"loc":{"start":{"line":134,"column":4},"end":{"line":149,"column":null}},"type":"if","locations":[{"start":{"line":134,"column":4},"end":{"line":149,"column":null}},{"start":{"line":144,"column":11},"end":{"line":149,"column":null}}]},"10":{"loc":{"start":{"line":139,"column":8},"end":{"line":141,"column":null}},"type":"if","locations":[{"start":{"line":139,"column":8},"end":{"line":141,"column":null}}]},"11":{"loc":{"start":{"line":139,"column":12},"end":{"line":139,"column":52}},"type":"binary-expr","locations":[{"start":{"line":139,"column":12},"end":{"line":139,"column":32}},{"start":{"line":139,"column":36},"end":{"line":139,"column":52}}]},"12":{"loc":{"start":{"line":157,"column":6},"end":{"line":163,"column":null}},"type":"if","locations":[{"start":{"line":157,"column":6},"end":{"line":163,"column":null}}]},"13":{"loc":{"start":{"line":158,"column":8},"end":{"line":160,"column":41}},"type":"binary-expr","locations":[{"start":{"line":158,"column":8},"end":{"line":158,"column":50}},{"start":{"line":159,"column":8},"end":{"line":159,"column":58}},{"start":{"line":160,"column":8},"end":{"line":160,"column":41}}]},"14":{"loc":{"start":{"line":165,"column":4},"end":{"line":165,"column":31}},"type":"if","locations":[{"start":{"line":165,"column":4},"end":{"line":165,"column":31}}]},"15":{"loc":{"start":{"line":168,"column":4},"end":{"line":212,"column":null}},"type":"if","locations":[{"start":{"line":168,"column":4},"end":{"line":212,"column":null}},{"start":{"line":210,"column":11},"end":{"line":212,"column":null}}]},"16":{"loc":{"start":{"line":170,"column":6},"end":{"line":209,"column":null}},"type":"if","locations":[{"start":{"line":170,"column":6},"end":{"line":209,"column":null}},{"start":{"line":176,"column":13},"end":{"line":209,"column":null}}]},"17":{"loc":{"start":{"line":176,"column":13},"end":{"line":209,"column":null}},"type":"if","locations":[{"start":{"line":176,"column":13},"end":{"line":209,"column":null}},{"start":{"line":206,"column":13},"end":{"line":209,"column":null}}]},"18":{"loc":{"start":{"line":187,"column":8},"end":{"line":205,"column":null}},"type":"if","locations":[{"start":{"line":187,"column":8},"end":{"line":205,"column":null}},{"start":{"line":202,"column":15},"end":{"line":205,"column":null}}]},"19":{"loc":{"start":{"line":187,"column":12},"end":{"line":187,"column":95}},"type":"binary-expr","locations":[{"start":{"line":187,"column":12},"end":{"line":187,"column":25}},{"start":{"line":187,"column":29},"end":{"line":187,"column":95}}]},"20":{"loc":{"start":{"line":189,"column":10},"end":{"line":196,"column":null}},"type":"if","locations":[{"start":{"line":189,"column":10},"end":{"line":196,"column":null}}]},"21":{"loc":{"start":{"line":223,"column":4},"end":{"line":227,"column":null}},"type":"if","locations":[{"start":{"line":223,"column":4},"end":{"line":227,"column":null}},{"start":{"line":225,"column":11},"end":{"line":227,"column":null}}]},"22":{"loc":{"start":{"line":228,"column":60},"end":{"line":295,"column":6}},"type":"cond-expr","locations":[{"start":{"line":228,"column":74},"end":{"line":228,"column":76}},{"start":{"line":228,"column":60},"end":{"line":295,"column":6}}]},"23":{"loc":{"start":{"line":228,"column":60},"end":{"line":228,"column":76}},"type":"binary-expr","locations":[{"start":{"line":228,"column":60},"end":{"line":228,"column":76}},{"start":{"line":228,"column":60},"end":{"line":228,"column":76}}]},"24":{"loc":{"start":{"line":232,"column":20},"end":{"line":232,"column":59}},"type":"cond-expr","locations":[{"start":{"line":232,"column":40},"end":{"line":232,"column":49}},{"start":{"line":232,"column":52},"end":{"line":232,"column":59}}]},"25":{"loc":{"start":{"line":236,"column":8},"end":{"line":242,"column":null}},"type":"if","locations":[{"start":{"line":236,"column":8},"end":{"line":242,"column":null}}]},"26":{"loc":{"start":{"line":237,"column":10},"end":{"line":239,"column":43}},"type":"binary-expr","locations":[{"start":{"line":237,"column":10},"end":{"line":237,"column":52}},{"start":{"line":238,"column":10},"end":{"line":238,"column":60}},{"start":{"line":239,"column":10},"end":{"line":239,"column":43}}]},"27":{"loc":{"start":{"line":245,"column":6},"end":{"line":247,"column":null}},"type":"if","locations":[{"start":{"line":245,"column":6},"end":{"line":247,"column":null}}]},"28":{"loc":{"start":{"line":249,"column":6},"end":{"line":294,"column":null}},"type":"if","locations":[{"start":{"line":249,"column":6},"end":{"line":294,"column":null}},{"start":{"line":261,"column":13},"end":{"line":294,"column":null}}]},"29":{"loc":{"start":{"line":250,"column":8},"end":{"line":258,"column":null}},"type":"if","locations":[{"start":{"line":250,"column":8},"end":{"line":258,"column":null}}]},"30":{"loc":{"start":{"line":250,"column":12},"end":{"line":250,"column":63}},"type":"binary-expr","locations":[{"start":{"line":250,"column":12},"end":{"line":250,"column":31}},{"start":{"line":250,"column":35},"end":{"line":250,"column":63}}]},"31":{"loc":{"start":{"line":251,"column":10},"end":{"line":257,"column":null}},"type":"if","locations":[{"start":{"line":251,"column":10},"end":{"line":257,"column":null}},{"start":{"line":253,"column":17},"end":{"line":257,"column":null}}]},"32":{"loc":{"start":{"line":253,"column":17},"end":{"line":257,"column":null}},"type":"if","locations":[{"start":{"line":253,"column":17},"end":{"line":257,"column":null}},{"start":{"line":255,"column":17},"end":{"line":257,"column":null}}]},"33":{"loc":{"start":{"line":255,"column":17},"end":{"line":257,"column":null}},"type":"if","locations":[{"start":{"line":255,"column":17},"end":{"line":257,"column":null}}]},"34":{"loc":{"start":{"line":259,"column":44},"end":{"line":259,"column":81}},"type":"cond-expr","locations":[{"start":{"line":259,"column":51},"end":{"line":259,"column":68}},{"start":{"line":259,"column":71},"end":{"line":259,"column":81}}]},"35":{"loc":{"start":{"line":263,"column":8},"end":{"line":276,"column":null}},"type":"if","locations":[{"start":{"line":263,"column":8},"end":{"line":276,"column":null}}]},"36":{"loc":{"start":{"line":264,"column":10},"end":{"line":270,"column":23}},"type":"binary-expr","locations":[{"start":{"line":264,"column":10},"end":{"line":264,"column":23}},{"start":{"line":265,"column":10},"end":{"line":265,"column":24}},{"start":{"line":266,"column":10},"end":{"line":266,"column":26}},{"start":{"line":267,"column":10},"end":{"line":267,"column":22}},{"start":{"line":268,"column":10},"end":{"line":268,"column":23}},{"start":{"line":269,"column":10},"end":{"line":269,"column":25}},{"start":{"line":270,"column":10},"end":{"line":270,"column":23}}]},"37":{"loc":{"start":{"line":296,"column":4},"end":{"line":331,"column":null}},"type":"if","locations":[{"start":{"line":296,"column":4},"end":{"line":331,"column":null}},{"start":{"line":329,"column":11},"end":{"line":331,"column":null}}]},"38":{"loc":{"start":{"line":299,"column":6},"end":{"line":327,"column":null}},"type":"if","locations":[{"start":{"line":299,"column":6},"end":{"line":327,"column":null}}]},"39":{"loc":{"start":{"line":301,"column":10},"end":{"line":323,"column":null}},"type":"if","locations":[{"start":{"line":301,"column":10},"end":{"line":323,"column":null}},{"start":{"line":316,"column":17},"end":{"line":323,"column":null}}]},"40":{"loc":{"start":{"line":301,"column":14},"end":{"line":301,"column":65}},"type":"binary-expr","locations":[{"start":{"line":301,"column":14},"end":{"line":301,"column":33}},{"start":{"line":301,"column":37},"end":{"line":301,"column":65}}]},"41":{"loc":{"start":{"line":302,"column":12},"end":{"line":315,"column":null}},"type":"if","locations":[{"start":{"line":302,"column":12},"end":{"line":315,"column":null}},{"start":{"line":311,"column":19},"end":{"line":315,"column":null}}]},"42":{"loc":{"start":{"line":311,"column":19},"end":{"line":315,"column":null}},"type":"if","locations":[{"start":{"line":311,"column":19},"end":{"line":315,"column":null}},{"start":{"line":313,"column":19},"end":{"line":315,"column":null}}]},"43":{"loc":{"start":{"line":313,"column":19},"end":{"line":315,"column":null}},"type":"if","locations":[{"start":{"line":313,"column":19},"end":{"line":315,"column":null}}]},"44":{"loc":{"start":{"line":316,"column":17},"end":{"line":323,"column":null}},"type":"if","locations":[{"start":{"line":316,"column":17},"end":{"line":323,"column":null}}]},"45":{"loc":{"start":{"line":316,"column":21},"end":{"line":316,"column":70}},"type":"binary-expr","locations":[{"start":{"line":316,"column":21},"end":{"line":316,"column":40}},{"start":{"line":316,"column":44},"end":{"line":316,"column":70}}]},"46":{"loc":{"start":{"line":336,"column":42},"end":{"line":338,"column":18}},"type":"cond-expr","locations":[{"start":{"line":337,"column":8},"end":{"line":337,"column":56}},{"start":{"line":338,"column":8},"end":{"line":338,"column":18}}]},"47":{"loc":{"start":{"line":339,"column":4},"end":{"line":341,"column":null}},"type":"if","locations":[{"start":{"line":339,"column":4},"end":{"line":341,"column":null}}]},"48":{"loc":{"start":{"line":339,"column":8},"end":{"line":339,"column":77}},"type":"binary-expr","locations":[{"start":{"line":339,"column":8},"end":{"line":339,"column":30}},{"start":{"line":339,"column":34},"end":{"line":339,"column":77}}]},"49":{"loc":{"start":{"line":342,"column":33},"end":{"line":344,"column":38}},"type":"cond-expr","locations":[{"start":{"line":343,"column":8},"end":{"line":343,"column":50}},{"start":{"line":344,"column":8},"end":{"line":344,"column":38}}]},"50":{"loc":{"start":{"line":347,"column":4},"end":{"line":349,"column":null}},"type":"if","locations":[{"start":{"line":347,"column":4},"end":{"line":349,"column":null}}]},"51":{"loc":{"start":{"line":351,"column":20},"end":{"line":359,"column":6}},"type":"cond-expr","locations":[{"start":{"line":351,"column":42},"end":{"line":351,"column":44}},{"start":{"line":351,"column":42},"end":{"line":359,"column":6}}]},"52":{"loc":{"start":{"line":351,"column":20},"end":{"line":351,"column":44}},"type":"binary-expr","locations":[{"start":{"line":351,"column":20},"end":{"line":351,"column":44}},{"start":{"line":351,"column":42},"end":{"line":351,"column":44}}]},"53":{"loc":{"start":{"line":361,"column":17},"end":{"line":361,"column":58}},"type":"cond-expr","locations":[{"start":{"line":361,"column":27},"end":{"line":361,"column":53}},{"start":{"line":361,"column":56},"end":{"line":361,"column":58}}]},"54":{"loc":{"start":{"line":365,"column":4},"end":{"line":367,"column":null}},"type":"if","locations":[{"start":{"line":365,"column":4},"end":{"line":367,"column":null}}]},"55":{"loc":{"start":{"line":371,"column":4},"end":{"line":375,"column":null}},"type":"if","locations":[{"start":{"line":371,"column":4},"end":{"line":375,"column":null}},{"start":{"line":373,"column":11},"end":{"line":375,"column":null}}]},"56":{"loc":{"start":{"line":373,"column":11},"end":{"line":375,"column":null}},"type":"if","locations":[{"start":{"line":373,"column":11},"end":{"line":375,"column":null}}]},"57":{"loc":{"start":{"line":376,"column":26},"end":{"line":454,"column":6}},"type":"cond-expr","locations":[{"start":{"line":376,"column":35},"end":{"line":376,"column":37}},{"start":{"line":376,"column":26},"end":{"line":454,"column":6}}]},"58":{"loc":{"start":{"line":376,"column":26},"end":{"line":376,"column":37}},"type":"binary-expr","locations":[{"start":{"line":376,"column":26},"end":{"line":376,"column":37}},{"start":{"line":376,"column":26},"end":{"line":376,"column":37}}]},"59":{"loc":{"start":{"line":377,"column":6},"end":{"line":453,"column":null}},"type":"if","locations":[{"start":{"line":377,"column":6},"end":{"line":453,"column":null}},{"start":{"line":428,"column":13},"end":{"line":453,"column":null}}]},"60":{"loc":{"start":{"line":378,"column":8},"end":{"line":427,"column":null}},"type":"if","locations":[{"start":{"line":378,"column":8},"end":{"line":427,"column":null}},{"start":{"line":393,"column":15},"end":{"line":427,"column":null}}]},"61":{"loc":{"start":{"line":379,"column":10},"end":{"line":389,"column":null}},"type":"if","locations":[{"start":{"line":379,"column":10},"end":{"line":389,"column":null}}]},"62":{"loc":{"start":{"line":379,"column":14},"end":{"line":379,"column":54}},"type":"binary-expr","locations":[{"start":{"line":379,"column":14},"end":{"line":379,"column":23}},{"start":{"line":379,"column":27},"end":{"line":379,"column":54}}]},"63":{"loc":{"start":{"line":393,"column":15},"end":{"line":427,"column":null}},"type":"if","locations":[{"start":{"line":393,"column":15},"end":{"line":427,"column":null}},{"start":{"line":409,"column":15},"end":{"line":427,"column":null}}]},"64":{"loc":{"start":{"line":394,"column":10},"end":{"line":404,"column":null}},"type":"if","locations":[{"start":{"line":394,"column":10},"end":{"line":404,"column":null}}]},"65":{"loc":{"start":{"line":394,"column":14},"end":{"line":394,"column":54}},"type":"binary-expr","locations":[{"start":{"line":394,"column":14},"end":{"line":394,"column":23}},{"start":{"line":394,"column":27},"end":{"line":394,"column":54}}]},"66":{"loc":{"start":{"line":409,"column":15},"end":{"line":427,"column":null}},"type":"if","locations":[{"start":{"line":409,"column":15},"end":{"line":427,"column":null}},{"start":{"line":424,"column":15},"end":{"line":427,"column":null}}]},"67":{"loc":{"start":{"line":410,"column":10},"end":{"line":420,"column":null}},"type":"if","locations":[{"start":{"line":410,"column":10},"end":{"line":420,"column":null}}]},"68":{"loc":{"start":{"line":410,"column":14},"end":{"line":410,"column":54}},"type":"binary-expr","locations":[{"start":{"line":410,"column":14},"end":{"line":410,"column":23}},{"start":{"line":410,"column":27},"end":{"line":410,"column":54}}]},"69":{"loc":{"start":{"line":431,"column":8},"end":{"line":438,"column":null}},"type":"if","locations":[{"start":{"line":431,"column":8},"end":{"line":438,"column":null}}]},"70":{"loc":{"start":{"line":439,"column":8},"end":{"line":449,"column":null}},"type":"if","locations":[{"start":{"line":439,"column":8},"end":{"line":449,"column":null}}]},"71":{"loc":{"start":{"line":439,"column":12},"end":{"line":439,"column":54}},"type":"binary-expr","locations":[{"start":{"line":439,"column":12},"end":{"line":439,"column":19}},{"start":{"line":439,"column":23},"end":{"line":439,"column":54}}]},"72":{"loc":{"start":{"line":456,"column":4},"end":{"line":464,"column":null}},"type":"if","locations":[{"start":{"line":456,"column":4},"end":{"line":464,"column":null}}]},"73":{"loc":{"start":{"line":461,"column":6},"end":{"line":463,"column":null}},"type":"if","locations":[{"start":{"line":461,"column":6},"end":{"line":463,"column":null}}]},"74":{"loc":{"start":{"line":468,"column":4},"end":{"line":472,"column":null}},"type":"if","locations":[{"start":{"line":468,"column":4},"end":{"line":472,"column":null}},{"start":{"line":470,"column":11},"end":{"line":472,"column":null}}]},"75":{"loc":{"start":{"line":470,"column":11},"end":{"line":472,"column":null}},"type":"if","locations":[{"start":{"line":470,"column":11},"end":{"line":472,"column":null}}]},"76":{"loc":{"start":{"line":473,"column":4},"end":{"line":491,"column":6}},"type":"cond-expr","locations":[{"start":{"line":473,"column":11},"end":{"line":473,"column":13}},{"start":{"line":473,"column":4},"end":{"line":491,"column":6}}]},"77":{"loc":{"start":{"line":473,"column":4},"end":{"line":473,"column":13}},"type":"binary-expr","locations":[{"start":{"line":473,"column":4},"end":{"line":473,"column":13}},{"start":{"line":473,"column":4},"end":{"line":473,"column":13}}]},"78":{"loc":{"start":{"line":474,"column":6},"end":{"line":490,"column":null}},"type":"if","locations":[{"start":{"line":474,"column":6},"end":{"line":490,"column":null}},{"start":{"line":484,"column":13},"end":{"line":490,"column":null}}]},"79":{"loc":{"start":{"line":475,"column":8},"end":{"line":483,"column":null}},"type":"if","locations":[{"start":{"line":475,"column":8},"end":{"line":483,"column":null}},{"start":{"line":479,"column":15},"end":{"line":483,"column":null}}]},"80":{"loc":{"start":{"line":486,"column":10},"end":{"line":488,"column":null}},"type":"if","locations":[{"start":{"line":486,"column":10},"end":{"line":488,"column":null}}]},"81":{"loc":{"start":{"line":495,"column":4},"end":{"line":497,"column":null}},"type":"if","locations":[{"start":{"line":495,"column":4},"end":{"line":497,"column":null}}]},"82":{"loc":{"start":{"line":499,"column":28},"end":{"line":606,"column":6}},"type":"cond-expr","locations":[{"start":{"line":499,"column":53},"end":{"line":499,"column":55}},{"start":{"line":499,"column":53},"end":{"line":606,"column":6}}]},"83":{"loc":{"start":{"line":499,"column":28},"end":{"line":499,"column":55}},"type":"binary-expr","locations":[{"start":{"line":499,"column":28},"end":{"line":499,"column":55}},{"start":{"line":499,"column":53},"end":{"line":499,"column":55}}]},"84":{"loc":{"start":{"line":500,"column":6},"end":{"line":503,"column":null}},"type":"if","locations":[{"start":{"line":500,"column":6},"end":{"line":503,"column":null}}]},"85":{"loc":{"start":{"line":500,"column":11},"end":{"line":500,"column":91}},"type":"cond-expr","locations":[{"start":{"line":500,"column":50},"end":{"line":500,"column":86}},{"start":{"line":500,"column":89},"end":{"line":500,"column":91}}]},"86":{"loc":{"start":{"line":509,"column":8},"end":{"line":601,"column":null}},"type":"if","locations":[{"start":{"line":509,"column":8},"end":{"line":601,"column":null}},{"start":{"line":599,"column":15},"end":{"line":601,"column":null}}]},"87":{"loc":{"start":{"line":509,"column":12},"end":{"line":509,"column":64}},"type":"binary-expr","locations":[{"start":{"line":509,"column":12},"end":{"line":509,"column":34}},{"start":{"line":509,"column":38},"end":{"line":509,"column":64}}]},"88":{"loc":{"start":{"line":511,"column":10},"end":{"line":516,"column":null}},"type":"if","locations":[{"start":{"line":511,"column":10},"end":{"line":516,"column":null}}]},"89":{"loc":{"start":{"line":524,"column":10},"end":{"line":596,"column":null}},"type":"if","locations":[{"start":{"line":524,"column":10},"end":{"line":596,"column":null}}]},"90":{"loc":{"start":{"line":526,"column":12},"end":{"line":542,"column":null}},"type":"if","locations":[{"start":{"line":526,"column":12},"end":{"line":542,"column":null}}]},"91":{"loc":{"start":{"line":530,"column":18},"end":{"line":537,"column":null}},"type":"if","locations":[{"start":{"line":530,"column":18},"end":{"line":537,"column":null}}]},"92":{"loc":{"start":{"line":532,"column":20},"end":{"line":535,"column":null}},"type":"if","locations":[{"start":{"line":532,"column":20},"end":{"line":535,"column":null}}]},"93":{"loc":{"start":{"line":553,"column":16},"end":{"line":579,"column":null}},"type":"if","locations":[{"start":{"line":553,"column":16},"end":{"line":579,"column":null}},{"start":{"line":564,"column":23},"end":{"line":579,"column":null}}]},"94":{"loc":{"start":{"line":564,"column":23},"end":{"line":579,"column":null}},"type":"if","locations":[{"start":{"line":564,"column":23},"end":{"line":579,"column":null}}]},"95":{"loc":{"start":{"line":564,"column":27},"end":{"line":564,"column":86}},"type":"binary-expr","locations":[{"start":{"line":564,"column":27},"end":{"line":564,"column":51}},{"start":{"line":564,"column":55},"end":{"line":564,"column":86}}]},"96":{"loc":{"start":{"line":565,"column":18},"end":{"line":578,"column":null}},"type":"if","locations":[{"start":{"line":565,"column":18},"end":{"line":578,"column":null}},{"start":{"line":574,"column":25},"end":{"line":578,"column":null}}]},"97":{"loc":{"start":{"line":574,"column":25},"end":{"line":578,"column":null}},"type":"if","locations":[{"start":{"line":574,"column":25},"end":{"line":578,"column":null}},{"start":{"line":576,"column":25},"end":{"line":578,"column":null}}]},"98":{"loc":{"start":{"line":576,"column":25},"end":{"line":578,"column":null}},"type":"if","locations":[{"start":{"line":576,"column":25},"end":{"line":578,"column":null}}]},"99":{"loc":{"start":{"line":608,"column":4},"end":{"line":610,"column":null}},"type":"if","locations":[{"start":{"line":608,"column":4},"end":{"line":610,"column":null}}]},"100":{"loc":{"start":{"line":613,"column":4},"end":{"line":615,"column":null}},"type":"if","locations":[{"start":{"line":613,"column":4},"end":{"line":615,"column":null}}]},"101":{"loc":{"start":{"line":621,"column":4},"end":{"line":624,"column":null}},"type":"if","locations":[{"start":{"line":621,"column":4},"end":{"line":624,"column":null}}]},"102":{"loc":{"start":{"line":621,"column":8},"end":{"line":621,"column":32}},"type":"binary-expr","locations":[{"start":{"line":621,"column":8},"end":{"line":621,"column":14}},{"start":{"line":621,"column":18},"end":{"line":621,"column":32}}]},"103":{"loc":{"start":{"line":636,"column":14},"end":{"line":678,"column":6}},"type":"cond-expr","locations":[{"start":{"line":636,"column":18},"end":{"line":636,"column":20}},{"start":{"line":636,"column":14},"end":{"line":678,"column":6}}]},"104":{"loc":{"start":{"line":636,"column":14},"end":{"line":636,"column":20}},"type":"binary-expr","locations":[{"start":{"line":636,"column":14},"end":{"line":636,"column":20}},{"start":{"line":636,"column":14},"end":{"line":636,"column":20}}]},"105":{"loc":{"start":{"line":637,"column":6},"end":{"line":672,"column":null}},"type":"if","locations":[{"start":{"line":637,"column":6},"end":{"line":672,"column":null}},{"start":{"line":640,"column":13},"end":{"line":672,"column":null}}]},"106":{"loc":{"start":{"line":640,"column":13},"end":{"line":672,"column":null}},"type":"if","locations":[{"start":{"line":640,"column":13},"end":{"line":672,"column":null}},{"start":{"line":651,"column":13},"end":{"line":672,"column":null}}]},"107":{"loc":{"start":{"line":642,"column":8},"end":{"line":645,"column":null}},"type":"if","locations":[{"start":{"line":642,"column":8},"end":{"line":645,"column":null}}]},"108":{"loc":{"start":{"line":651,"column":13},"end":{"line":672,"column":null}},"type":"if","locations":[{"start":{"line":651,"column":13},"end":{"line":672,"column":null}}]},"109":{"loc":{"start":{"line":663,"column":8},"end":{"line":666,"column":null}},"type":"if","locations":[{"start":{"line":663,"column":8},"end":{"line":666,"column":null}}]},"110":{"loc":{"start":{"line":679,"column":4},"end":{"line":681,"column":null}},"type":"if","locations":[{"start":{"line":679,"column":4},"end":{"line":681,"column":null}}]},"111":{"loc":{"start":{"line":690,"column":6},"end":{"line":702,"column":null}},"type":"if","locations":[{"start":{"line":690,"column":6},"end":{"line":702,"column":null}},{"start":{"line":697,"column":13},"end":{"line":702,"column":null}}]},"112":{"loc":{"start":{"line":692,"column":10},"end":{"line":695,"column":null}},"type":"if","locations":[{"start":{"line":692,"column":10},"end":{"line":695,"column":null}}]}},"s":{"0":1,"1":1,"2":1,"3":1,"4":1,"5":1,"6":1,"7":1,"8":1,"9":1,"10":28,"11":28,"12":28,"13":28,"14":28,"15":28,"16":22,"17":1,"18":1,"19":21,"20":21,"21":21,"22":21,"23":9,"24":9,"25":3,"26":6,"27":6,"28":2,"29":2,"30":4,"31":4,"32":4,"33":4,"34":3,"35":3,"36":4,"37":3,"38":3,"39":9,"40":15,"41":2,"42":13,"43":19,"44":2,"45":0,"46":0,"47":0,"48":19,"49":19,"50":18,"51":18,"52":18,"53":18,"54":18,"55":18,"56":16,"57":18,"58":0,"59":0,"60":0,"61":0,"62":9,"63":0,"64":0,"65":9,"66":9,"67":0,"68":0,"69":0,"70":0,"71":0,"72":0,"73":0,"74":0,"75":0,"76":0,"77":0,"78":0,"79":0,"80":0,"81":0,"82":0,"83":0,"84":0,"85":0,"86":0,"87":0,"88":0,"89":0,"90":0,"91":0,"92":0,"93":0,"94":19,"95":19,"96":19,"97":0,"98":19,"99":9,"100":9,"101":0,"102":0,"103":9,"104":0,"105":9,"106":9,"107":0,"108":0,"109":0,"110":0,"111":0,"112":0,"113":0,"114":0,"115":0,"116":9,"117":0,"118":0,"119":9,"120":9,"121":9,"122":6,"123":9,"124":9,"125":19,"126":11,"127":10,"128":10,"129":8,"130":2,"131":2,"132":0,"133":0,"134":0,"135":0,"136":6,"137":0,"138":0,"139":6,"140":10,"141":0,"142":8,"143":15,"144":15,"145":15,"146":0,"147":15,"148":15,"149":15,"150":0,"151":15,"152":0,"153":0,"154":0,"155":0,"156":0,"157":15,"158":15,"159":15,"160":15,"161":0,"162":15,"163":15,"164":15,"165":2,"166":13,"167":13,"168":15,"169":23,"170":11,"171":4,"172":1,"173":1,"174":1,"175":1,"176":3,"177":3,"178":3,"179":7,"180":2,"181":0,"182":0,"183":0,"184":0,"185":2,"186":2,"187":2,"188":2,"189":5,"190":4,"191":0,"192":0,"193":0,"194":0,"195":4,"196":3,"197":3,"198":1,"199":1,"200":12,"201":12,"202":12,"203":1,"204":1,"205":11,"206":0,"207":0,"208":0,"209":0,"210":11,"211":10,"212":10,"213":15,"214":15,"215":11,"216":11,"217":11,"218":0,"219":11,"220":11,"221":11,"222":0,"223":11,"224":0,"225":11,"226":0,"227":0,"228":0,"229":0,"230":0,"231":0,"232":0,"233":0,"234":0,"235":11,"236":11,"237":11,"238":0,"239":11,"240":11,"241":3,"242":0,"243":0,"244":3,"245":3,"246":3,"247":3,"248":3,"249":0,"250":0,"251":0,"252":0,"253":0,"254":0,"255":0,"256":0,"257":0,"258":0,"259":0,"260":0,"261":0,"262":0,"263":0,"264":0,"265":0,"266":0,"267":0,"268":0,"269":0,"270":0,"271":0,"272":0,"273":0,"274":0,"275":0,"276":0,"277":0,"278":0,"279":0,"280":0,"281":0,"282":0,"283":0,"284":0,"285":0,"286":0,"287":0,"288":3,"289":3,"290":3,"291":11,"292":3,"293":11,"294":11,"295":0,"296":11,"297":22,"298":0,"299":0,"300":22,"301":22,"302":0,"303":0,"304":0,"305":0,"306":0,"307":0,"308":0,"309":0,"310":0,"311":0,"312":0,"313":0,"314":0,"315":0,"316":0,"317":0,"318":0,"319":0,"320":0,"321":0,"322":0,"323":0,"324":0,"325":0,"326":0,"327":0,"328":0,"329":0,"330":0,"331":0,"332":0,"333":0,"334":0,"335":1,"336":1,"337":1,"338":1,"339":1,"340":1,"341":1,"342":1,"343":1},"f":{"0":28,"1":22,"2":9,"3":4,"4":3,"5":3,"6":9,"7":15,"8":19,"9":18,"10":9,"11":0,"12":0,"13":19,"14":9,"15":0,"16":8,"17":15,"18":0,"19":0,"20":23,"21":0,"22":0,"23":3,"24":3,"25":0,"26":0,"27":0,"28":22,"29":0,"30":0,"31":0,"32":0,"33":0,"34":0,"35":1},"b":{"0":[1],"1":[21],"2":[3,6],"3":[2],"4":[0,4],"5":[2,13],"6":[2],"7":[0],"8":[2,2],"9":[18,0],"10":[16],"11":[18,2],"12":[0],"13":[0,0,0],"14":[9],"15":[0,0],"16":[0,0],"17":[0,0],"18":[0,0],"19":[0,0],"20":[0],"21":[19,0],"22":[8,11],"23":[19,19],"24":[9,0],"25":[0],"26":[0,0,0],"27":[0],"28":[0,9],"29":[0],"30":[0,0],"31":[0,0],"32":[0,0],"33":[0],"34":[0,0],"35":[0],"36":[9,9,9,9,9,9,9],"37":[11,8],"38":[10],"39":[2,6],"40":[8,2],"41":[2,0],"42":[0,0],"43":[0],"44":[0],"45":[6,0],"46":[15,0],"47":[0],"48":[15,0],"49":[15,0],"50":[0],"51":[15,0],"52":[15,15],"53":[0,15],"54":[0],"55":[2,13],"56":[13],"57":[0,15],"58":[15,15],"59":[11,12],"60":[4,7],"61":[1],"62":[4,1],"63":[2,5],"64":[0],"65":[2,0],"66":[4,1],"67":[0],"68":[4,0],"69":[1],"70":[0],"71":[11,1],"72":[15],"73":[0],"74":[0,11],"75":[0],"76":[0,11],"77":[11,11],"78":[0,0],"79":[0,0],"80":[0],"81":[0],"82":[8,3],"83":[11,11],"84":[0],"85":[3,0],"86":[0,3],"87":[3,3],"88":[0],"89":[0],"90":[0],"91":[0],"92":[0],"93":[0,0],"94":[0],"95":[0,0],"96":[0,0],"97":[0,0],"98":[0],"99":[3],"100":[0],"101":[0],"102":[22,0],"103":[0,0],"104":[0,0],"105":[0,0],"106":[0,0],"107":[0],"108":[0],"109":[0],"110":[0],"111":[0,0],"112":[0]}}
,"/Users/gylove1994/mirai/mitsuki/package/core/decorator.ts": {"path":"/Users/gylove1994/mirai/mitsuki/package/core/decorator.ts","statementMap":{"0":{"start":{"line":12,"column":0},"end":{"line":12,"column":26}},"1":{"start":{"line":13,"column":0},"end":{"line":13,"column":40}},"2":{"start":{"line":15,"column":13},"end":{"line":15,"column":63}},"3":{"start":{"line":16,"column":13},"end":{"line":16,"column":51}},"4":{"start":{"line":17,"column":13},"end":{"line":17,"column":53}},"5":{"start":{"line":18,"column":13},"end":{"line":18,"column":59}},"6":{"start":{"line":19,"column":13},"end":{"line":19,"column":57}},"7":{"start":{"line":20,"column":13},"end":{"line":20,"column":59}},"8":{"start":{"line":25,"column":2},"end":{"line":29,"column":4}},"9":{"start":{"line":26,"column":4},"end":{"line":26,"column":67}},"10":{"start":{"line":27,"column":4},"end":{"line":27,"column":74}},"11":{"start":{"line":28,"column":4},"end":{"line":28,"column":61}},"12":{"start":{"line":24,"column":0},"end":{"line":24,"column":16}},"13":{"start":{"line":34,"column":2},"end":{"line":38,"column":6}},"14":{"start":{"line":35,"column":4},"end":{"line":38,"column":5}},"15":{"start":{"line":36,"column":6},"end":{"line":36,"column":60}},"16":{"start":{"line":37,"column":6},"end":{"line":37,"column":43}},"17":{"start":{"line":33,"column":0},"end":{"line":33,"column":16}},"18":{"start":{"line":41,"column":13},"end":{"line":41,"column":65}},"19":{"start":{"line":43,"column":2},"end":{"line":49,"column":3}},"20":{"start":{"line":44,"column":2},"end":{"line":49,"column":3}},"21":{"start":{"line":45,"column":4},"end":{"line":45,"column":63}},"22":{"start":{"line":46,"column":4},"end":{"line":48,"column":null}},"23":{"start":{"line":47,"column":6},"end":{"line":47,"column":60}},"24":{"start":{"line":42,"column":13},"end":{"line":42,"column":null}},"25":{"start":{"line":52,"column":2},"end":{"line":54,"column":4}},"26":{"start":{"line":52,"column":32},"end":{"line":54,"column":3}},"27":{"start":{"line":53,"column":4},"end":{"line":53,"column":71}},"28":{"start":{"line":51,"column":0},"end":{"line":51,"column":16}},"29":{"start":{"line":58,"column":2},"end":{"line":65,"column":3}},"30":{"start":{"line":59,"column":2},"end":{"line":65,"column":3}},"31":{"start":{"line":60,"column":38},"end":{"line":63,"column":6}},"32":{"start":{"line":64,"column":4},"end":{"line":64,"column":69}},"33":{"start":{"line":57,"column":13},"end":{"line":57,"column":null}},"34":{"start":{"line":68,"column":2},"end":{"line":72,"column":4}},"35":{"start":{"line":69,"column":16},"end":{"line":69,"column":54}},"36":{"start":{"line":70,"column":4},"end":{"line":70,"column":48}},"37":{"start":{"line":71,"column":4},"end":{"line":71,"column":42}},"38":{"start":{"line":67,"column":0},"end":{"line":67,"column":16}},"39":{"start":{"line":76,"column":2},"end":{"line":81,"column":6}},"40":{"start":{"line":77,"column":4},"end":{"line":81,"column":5}},"41":{"start":{"line":78,"column":18},"end":{"line":78,"column":56}},"42":{"start":{"line":79,"column":6},"end":{"line":79,"column":50}},"43":{"start":{"line":80,"column":6},"end":{"line":80,"column":62}},"44":{"start":{"line":75,"column":0},"end":{"line":75,"column":16}},"45":{"start":{"line":85,"column":2},"end":{"line":94,"column":6}},"46":{"start":{"line":86,"column":4},"end":{"line":94,"column":5}},"47":{"start":{"line":87,"column":18},"end":{"line":87,"column":56}},"48":{"start":{"line":88,"column":6},"end":{"line":88,"column":50}},"49":{"start":{"line":89,"column":6},"end":{"line":93,"column":9}},"50":{"start":{"line":84,"column":0},"end":{"line":84,"column":16}},"51":{"start":{"line":97,"column":13},"end":{"line":97,"column":72}},"52":{"start":{"line":100,"column":2},"end":{"line":105,"column":3}},"53":{"start":{"line":101,"column":2},"end":{"line":105,"column":3}},"54":{"start":{"line":102,"column":16},"end":{"line":102,"column":54}},"55":{"start":{"line":103,"column":4},"end":{"line":103,"column":48}},"56":{"start":{"line":104,"column":4},"end":{"line":104,"column":83}},"57":{"start":{"line":99,"column":13},"end":{"line":99,"column":null}},"58":{"start":{"line":108,"column":2},"end":{"line":117,"column":3}},"59":{"start":{"line":109,"column":2},"end":{"line":117,"column":3}},"60":{"start":{"line":110,"column":16},"end":{"line":110,"column":54}},"61":{"start":{"line":111,"column":4},"end":{"line":111,"column":48}},"62":{"start":{"line":112,"column":4},"end":{"line":116,"column":7}},"63":{"start":{"line":107,"column":13},"end":{"line":107,"column":null}},"64":{"start":{"line":119,"column":52},"end":{"line":122,"column":1}},"65":{"start":{"line":120,"column":17},"end":{"line":120,"column":71}},"66":{"start":{"line":121,"column":2},"end":{"line":121,"column":58}},"67":{"start":{"line":119,"column":13},"end":{"line":119,"column":52}},"68":{"start":{"line":125,"column":40},"end":{"line":142,"column":1}},"69":{"start":{"line":126,"column":12},"end":{"line":126,"column":28}},"70":{"start":{"line":127,"column":15},"end":{"line":127,"column":44}},"71":{"start":{"line":128,"column":13},"end":{"line":135,"column":3}},"72":{"start":{"line":130,"column":4},"end":{"line":134,"column":null}},"73":{"start":{"line":131,"column":6},"end":{"line":131,"column":27}},"74":{"start":{"line":133,"column":6},"end":{"line":133,"column":18}},"75":{"start":{"line":136,"column":2},"end":{"line":140,"column":5}},"76":{"start":{"line":137,"column":20},"end":{"line":137,"column":47}},"77":{"start":{"line":138,"column":4},"end":{"line":138,"column":44}},"78":{"start":{"line":139,"column":4},"end":{"line":139,"column":21}},"79":{"start":{"line":141,"column":2},"end":{"line":141,"column":24}},"80":{"start":{"line":125,"column":13},"end":{"line":125,"column":40}}},"fnMap":{"0":{"name":"Module","decl":{"start":{"line":24,"column":16},"end":{"line":24,"column":22}},"loc":{"start":{"line":24,"column":52},"end":{"line":30,"column":1}}},"1":{"name":"(anonymous_1)","decl":{"start":{"line":25,"column":9},"end":{"line":25,"column":10}},"loc":{"start":{"line":25,"column":20},"end":{"line":29,"column":3}}},"2":{"name":"createClassDecorator","decl":{"start":{"line":33,"column":16},"end":{"line":33,"column":36}},"loc":{"start":{"line":33,"column":116},"end":{"line":39,"column":1}}},"3":{"name":"(anonymous_3)","decl":{"start":{"line":34,"column":9},"end":{"line":34,"column":10}},"loc":{"start":{"line":35,"column":4},"end":{"line":38,"column":5}}},"4":{"name":"(anonymous_4)","decl":{"start":{"line":35,"column":4},"end":{"line":35,"column":5}},"loc":{"start":{"line":35,"column":15},"end":{"line":38,"column":5}}},"5":{"name":"(anonymous_5)","decl":{"start":{"line":43,"column":2},"end":{"line":43,"column":3}},"loc":{"start":{"line":44,"column":2},"end":{"line":49,"column":3}}},"6":{"name":"(anonymous_6)","decl":{"start":{"line":44,"column":2},"end":{"line":44,"column":3}},"loc":{"start":{"line":44,"column":13},"end":{"line":49,"column":3}}},"7":{"name":"createMethodDecorator","decl":{"start":{"line":51,"column":16},"end":{"line":51,"column":37}},"loc":{"start":{"line":51,"column":56},"end":{"line":55,"column":1}}},"8":{"name":"(anonymous_8)","decl":{"start":{"line":52,"column":9},"end":{"line":52,"column":29}},"loc":{"start":{"line":52,"column":32},"end":{"line":54,"column":3}}},"9":{"name":"(anonymous_9)","decl":{"start":{"line":52,"column":32},"end":{"line":52,"column":33}},"loc":{"start":{"line":52,"column":88},"end":{"line":54,"column":3}}},"10":{"name":"(anonymous_10)","decl":{"start":{"line":58,"column":2},"end":{"line":58,"column":3}},"loc":{"start":{"line":59,"column":2},"end":{"line":65,"column":3}}},"11":{"name":"(anonymous_11)","decl":{"start":{"line":59,"column":2},"end":{"line":59,"column":3}},"loc":{"start":{"line":59,"column":58},"end":{"line":65,"column":3}}},"12":{"name":"Inject","decl":{"start":{"line":67,"column":16},"end":{"line":67,"column":22}},"loc":{"start":{"line":67,"column":38},"end":{"line":73,"column":1}}},"13":{"name":"(anonymous_13)","decl":{"start":{"line":68,"column":9},"end":{"line":68,"column":10}},"loc":{"start":{"line":68,"column":48},"end":{"line":72,"column":3}}},"14":{"name":"createParamDecorator","decl":{"start":{"line":75,"column":16},"end":{"line":75,"column":36}},"loc":{"start":{"line":75,"column":57},"end":{"line":82,"column":1}}},"15":{"name":"(anonymous_15)","decl":{"start":{"line":76,"column":9},"end":{"line":76,"column":10}},"loc":{"start":{"line":77,"column":4},"end":{"line":81,"column":5}}},"16":{"name":"(anonymous_16)","decl":{"start":{"line":77,"column":4},"end":{"line":77,"column":5}},"loc":{"start":{"line":77,"column":43},"end":{"line":81,"column":5}}},"17":{"name":"createParamInterceptor","decl":{"start":{"line":84,"column":16},"end":{"line":84,"column":38}},"loc":{"start":{"line":84,"column":112},"end":{"line":95,"column":1}}},"18":{"name":"(anonymous_18)","decl":{"start":{"line":85,"column":9},"end":{"line":85,"column":10}},"loc":{"start":{"line":86,"column":4},"end":{"line":94,"column":5}}},"19":{"name":"(anonymous_19)","decl":{"start":{"line":86,"column":4},"end":{"line":86,"column":5}},"loc":{"start":{"line":86,"column":43},"end":{"line":94,"column":5}}},"20":{"name":"(anonymous_20)","decl":{"start":{"line":100,"column":2},"end":{"line":100,"column":3}},"loc":{"start":{"line":101,"column":2},"end":{"line":105,"column":3}}},"21":{"name":"(anonymous_21)","decl":{"start":{"line":101,"column":2},"end":{"line":101,"column":3}},"loc":{"start":{"line":101,"column":41},"end":{"line":105,"column":3}}},"22":{"name":"(anonymous_22)","decl":{"start":{"line":108,"column":2},"end":{"line":108,"column":3}},"loc":{"start":{"line":109,"column":2},"end":{"line":117,"column":3}}},"23":{"name":"(anonymous_23)","decl":{"start":{"line":109,"column":2},"end":{"line":109,"column":3}},"loc":{"start":{"line":109,"column":41},"end":{"line":117,"column":3}}},"24":{"name":"(anonymous_24)","decl":{"start":{"line":119,"column":52},"end":{"line":119,"column":53}},"loc":{"start":{"line":119,"column":69},"end":{"line":122,"column":1}}},"25":{"name":"(anonymous_25)","decl":{"start":{"line":125,"column":40},"end":{"line":125,"column":41}},"loc":{"start":{"line":125,"column":62},"end":{"line":142,"column":1}}},"26":{"name":"(anonymous_26)","decl":{"start":{"line":128,"column":13},"end":{"line":128,"column":18}},"loc":{"start":{"line":128,"column":43},"end":{"line":135,"column":3}}},"27":{"name":"(anonymous_27)","decl":{"start":{"line":136,"column":15},"end":{"line":136,"column":16}},"loc":{"start":{"line":136,"column":23},"end":{"line":140,"column":3}}}},"branchMap":{"0":{"loc":{"start":{"line":37,"column":6},"end":{"line":37,"column":42}},"type":"cond-expr","locations":[{"start":{"line":37,"column":11},"end":{"line":37,"column":30}},{"start":{"line":37,"column":33},"end":{"line":37,"column":42}}]},"1":{"loc":{"start":{"line":46,"column":4},"end":{"line":48,"column":null}},"type":"if","locations":[{"start":{"line":46,"column":4},"end":{"line":48,"column":null}}]}},"s":{"0":1,"1":1,"2":1,"3":1,"4":1,"5":1,"6":1,"7":1,"8":16,"9":16,"10":16,"11":16,"12":1,"13":1,"14":3,"15":3,"16":3,"17":1,"18":1,"19":1,"20":22,"21":22,"22":22,"23":1,"24":1,"25":0,"26":0,"27":0,"28":1,"29":1,"30":0,"31":0,"32":0,"33":1,"34":0,"35":0,"36":0,"37":0,"38":1,"39":1,"40":0,"41":0,"42":0,"43":0,"44":1,"45":0,"46":0,"47":0,"48":0,"49":0,"50":1,"51":1,"52":1,"53":0,"54":0,"55":0,"56":0,"57":1,"58":1,"59":0,"60":0,"61":0,"62":0,"63":1,"64":1,"65":0,"66":0,"67":1,"68":1,"69":0,"70":0,"71":0,"72":0,"73":0,"74":0,"75":0,"76":0,"77":0,"78":0,"79":0,"80":1},"f":{"0":16,"1":16,"2":1,"3":3,"4":3,"5":22,"6":22,"7":0,"8":0,"9":0,"10":0,"11":0,"12":0,"13":0,"14":1,"15":0,"16":0,"17":0,"18":0,"19":0,"20":0,"21":0,"22":0,"23":0,"24":0,"25":0,"26":0,"27":0},"b":{"0":[0,3],"1":[1]}}
,"/Users/gylove1994/mirai/mitsuki/package/core/type/types.ts": {"path":"/Users/gylove1994/mirai/mitsuki/package/core/type/types.ts","statementMap":{"0":{"start":{"line":4,"column":0},"end":{"line":4,"column":60}},"1":{"start":{"line":50,"column":2},"end":{"line":50,"column":50}},"2":{"start":{"line":49,"column":0},"end":{"line":49,"column":16}},"3":{"start":{"line":55,"column":2},"end":{"line":60,"column":null}},"4":{"start":{"line":56,"column":4},"end":{"line":56,"column":37}},"5":{"start":{"line":57,"column":4},"end":{"line":57,"column":16}},"6":{"start":{"line":59,"column":4},"end":{"line":59,"column":17}},"7":{"start":{"line":54,"column":0},"end":{"line":54,"column":16}},"8":{"start":{"line":65,"column":2},"end":{"line":65,"column":42}},"9":{"start":{"line":65,"column":30},"end":{"line":65,"column":42}},"10":{"start":{"line":66,"column":2},"end":{"line":66,"column":15}},"11":{"start":{"line":64,"column":0},"end":{"line":64,"column":16}},"12":{"start":{"line":70,"column":2},"end":{"line":70,"column":59}},"13":{"start":{"line":70,"column":47},"end":{"line":70,"column":59}},"14":{"start":{"line":71,"column":2},"end":{"line":71,"column":15}},"15":{"start":{"line":69,"column":0},"end":{"line":69,"column":16}},"16":{"start":{"line":75,"column":2},"end":{"line":75,"column":26}},"17":{"start":{"line":75,"column":14},"end":{"line":75,"column":26}},"18":{"start":{"line":76,"column":2},"end":{"line":76,"column":15}},"19":{"start":{"line":74,"column":0},"end":{"line":74,"column":16}},"20":{"start":{"line":95,"column":0},"end":{"line":95,"column":22}},"21":{"start":{"line":105,"column":4},"end":{"line":105,"column":17}},"22":{"start":{"line":100,"column":0},"end":{"line":100,"column":22}},"23":{"start":{"line":110,"column":2},"end":{"line":114,"column":null}},"24":{"start":{"line":111,"column":4},"end":{"line":111,"column":16}},"25":{"start":{"line":113,"column":4},"end":{"line":113,"column":17}},"26":{"start":{"line":109,"column":0},"end":{"line":109,"column":16}},"27":{"start":{"line":121,"column":0},"end":{"line":121,"column":null}},"28":{"start":{"line":122,"column":2},"end":{"line":122,"column":null}},"29":{"start":{"line":123,"column":2},"end":{"line":123,"column":null}},"30":{"start":{"line":124,"column":2},"end":{"line":124,"column":null}},"31":{"start":{"line":139,"column":2},"end":{"line":141,"column":null}},"32":{"start":{"line":140,"column":4},"end":{"line":140,"column":16}},"33":{"start":{"line":142,"column":2},"end":{"line":142,"column":15}},"34":{"start":{"line":138,"column":0},"end":{"line":138,"column":16}}},"fnMap":{"0":{"name":"isProvider","decl":{"start":{"line":49,"column":16},"end":{"line":49,"column":26}},"loc":{"start":{"line":49,"column":49},"end":{"line":51,"column":1}}},"1":{"name":"isConstructor","decl":{"start":{"line":54,"column":16},"end":{"line":54,"column":29}},"loc":{"start":{"line":54,"column":36},"end":{"line":61,"column":1}}},"2":{"name":"isFunction","decl":{"start":{"line":64,"column":16},"end":{"line":64,"column":26}},"loc":{"start":{"line":64,"column":33},"end":{"line":67,"column":1}}},"3":{"name":"isDirectInstance","decl":{"start":{"line":69,"column":16},"end":{"line":69,"column":32}},"loc":{"start":{"line":69,"column":39},"end":{"line":72,"column":1}}},"4":{"name":"isArray","decl":{"start":{"line":74,"column":16},"end":{"line":74,"column":23}},"loc":{"start":{"line":74,"column":39},"end":{"line":77,"column":1}}},"5":{"name":"(anonymous_5)","decl":{"start":{"line":97,"column":9},"end":{"line":97,"column":18}},"loc":{"start":{"line":97,"column":27},"end":{"line":97,"column":36}}},"6":{"name":"(anonymous_6)","decl":{"start":{"line":101,"column":9},"end":{"line":101,"column":20}},"loc":{"start":{"line":101,"column":20},"end":{"line":106,"column":3}}},"7":{"name":"isMitsukiPipeInstance","decl":{"start":{"line":109,"column":16},"end":{"line":109,"column":37}},"loc":{"start":{"line":109,"column":46},"end":{"line":115,"column":1}}},"8":{"name":"(anonymous_8)","decl":{"start":{"line":121,"column":0},"end":{"line":121,"column":12}},"loc":{"start":{"line":121,"column":17},"end":{"line":125,"column":1}}},"9":{"name":"isScopeContent","decl":{"start":{"line":138,"column":16},"end":{"line":138,"column":30}},"loc":{"start":{"line":138,"column":39},"end":{"line":143,"column":1}}}},"branchMap":{"0":{"loc":{"start":{"line":65,"column":2},"end":{"line":65,"column":42}},"type":"if","locations":[{"start":{"line":65,"column":2},"end":{"line":65,"column":42}}]},"1":{"loc":{"start":{"line":70,"column":2},"end":{"line":70,"column":59}},"type":"if","locations":[{"start":{"line":70,"column":2},"end":{"line":70,"column":59}}]},"2":{"loc":{"start":{"line":70,"column":6},"end":{"line":70,"column":45}},"type":"binary-expr","locations":[{"start":{"line":70,"column":6},"end":{"line":70,"column":16}},{"start":{"line":70,"column":20},"end":{"line":70,"column":26}},{"start":{"line":70,"column":30},"end":{"line":70,"column":45}}]},"3":{"loc":{"start":{"line":75,"column":2},"end":{"line":75,"column":26}},"type":"if","locations":[{"start":{"line":75,"column":2},"end":{"line":75,"column":26}}]},"4":{"loc":{"start":{"line":110,"column":2},"end":{"line":114,"column":null}},"type":"if","locations":[{"start":{"line":110,"column":2},"end":{"line":114,"column":null}},{"start":{"line":112,"column":9},"end":{"line":114,"column":null}}]},"5":{"loc":{"start":{"line":121,"column":12},"end":{"line":121,"column":null}},"type":"binary-expr","locations":[{"start":{"line":121,"column":12},"end":{"line":121,"column":17}},{"start":{"line":121,"column":12},"end":{"line":121,"column":null}}]},"6":{"loc":{"start":{"line":139,"column":2},"end":{"line":141,"column":null}},"type":"if","locations":[{"start":{"line":139,"column":2},"end":{"line":141,"column":null}}]},"7":{"loc":{"start":{"line":139,"column":6},"end":{"line":139,"column":32}},"type":"binary-expr","locations":[{"start":{"line":139,"column":6},"end":{"line":139,"column":15}},{"start":{"line":139,"column":19},"end":{"line":139,"column":32}}]}},"s":{"0":1,"1":38,"2":1,"3":41,"4":41,"5":41,"6":0,"7":1,"8":3,"9":3,"10":0,"11":1,"12":0,"13":0,"14":0,"15":1,"16":0,"17":0,"18":0,"19":1,"20":1,"21":0,"22":1,"23":0,"24":0,"25":0,"26":1,"27":1,"28":1,"29":1,"30":1,"31":14,"32":2,"33":12,"34":1},"f":{"0":38,"1":41,"2":3,"3":0,"4":0,"5":0,"6":0,"7":0,"8":1,"9":14},"b":{"0":[3],"1":[0],"2":[0,0,0],"3":[0],"4":[0,0],"5":[1,1],"6":[2],"7":[14,2]}}
,"/Users/gylove1994/mirai/mitsuki/package/test/api-setting.ts": {"path":"/Users/gylove1994/mirai/mitsuki/package/test/api-setting.ts","statementMap":{"0":{"start":{"line":9,"column":4},"end":{"line":9,"column":26}},"1":{"start":{"line":10,"column":4},"end":{"line":10,"column":33}},"2":{"start":{"line":11,"column":4},"end":{"line":11,"column":45}},"3":{"start":{"line":15,"column":13},"end":{"line":45,"column":2}}},"fnMap":{"0":{"name":"(anonymous_0)","decl":{"start":{"line":8,"column":2},"end":{"line":8,"column":14}},"loc":{"start":{"line":8,"column":87},"end":{"line":12,"column":3}}}},"branchMap":{"0":{"loc":{"start":{"line":11,"column":19},"end":{"line":11,"column":44}},"type":"cond-expr","locations":[{"start":{"line":11,"column":29},"end":{"line":11,"column":36}},{"start":{"line":11,"column":39},"end":{"line":11,"column":44}}]}},"s":{"0":1,"1":1,"2":1,"3":1},"f":{"0":1},"b":{"0":[0,1]}}
,"/Users/gylove1994/mirai/mitsuki/package/utils/extend.ts": {"path":"/Users/gylove1994/mirai/mitsuki/package/utils/extend.ts","statementMap":{"0":{"start":{"line":4,"column":17},"end":{"line":4,"column":19}},"1":{"start":{"line":6,"column":2},"end":{"line":9,"column":null}},"2":{"start":{"line":8,"column":4},"end":{"line":8,"column":13}},"3":{"start":{"line":10,"column":2},"end":{"line":14,"column":null}},"4":{"start":{"line":11,"column":18},"end":{"line":11,"column":29}},"5":{"start":{"line":13,"column":4},"end":{"line":13,"column":99}},"6":{"start":{"line":15,"column":2},"end":{"line":15,"column":13}},"7":{"start":{"line":1,"column":0},"end":{"line":1,"column":16}}},"fnMap":{"0":{"name":"extend","decl":{"start":{"line":1,"column":16},"end":{"line":1,"column":22}},"loc":{"start":{"line":1,"column":49},"end":{"line":16,"column":1}}}},"branchMap":{"0":{"loc":{"start":{"line":6,"column":2},"end":{"line":9,"column":null}},"type":"if","locations":[{"start":{"line":6,"column":2},"end":{"line":9,"column":null}}]},"1":{"loc":{"start":{"line":13,"column":15},"end":{"line":13,"column":98}},"type":"cond-expr","locations":[{"start":{"line":13,"column":71},"end":{"line":13,"column":90}},{"start":{"line":13,"column":93},"end":{"line":13,"column":98}}]},"2":{"loc":{"start":{"line":13,"column":15},"end":{"line":13,"column":68}},"type":"binary-expr","locations":[{"start":{"line":13,"column":15},"end":{"line":13,"column":21}},{"start":{"line":13,"column":25},"end":{"line":13,"column":50}},{"start":{"line":13,"column":54},"end":{"line":13,"column":68}}]}},"s":{"0":0,"1":0,"2":0,"3":0,"4":0,"5":0,"6":0,"7":1},"f":{"0":0},"b":{"0":[0],"1":[0,0],"2":[0,0,0]}}
,"/Users/gylove1994/mirai/mitsuki/package/utils/is.ts": {"path":"/Users/gylove1994/mirai/mitsuki/package/utils/is.ts","statementMap":{"0":{"start":{"line":2,"column":0},"end":{"line":2,"column":52}},"1":{"start":{"line":5,"column":2},"end":{"line":9,"column":null}},"2":{"start":{"line":6,"column":4},"end":{"line":6,"column":16}},"3":{"start":{"line":8,"column":4},"end":{"line":8,"column":17}},"4":{"start":{"line":4,"column":0},"end":{"line":4,"column":16}},"5":{"start":{"line":13,"column":2},"end":{"line":17,"column":null}},"6":{"start":{"line":14,"column":4},"end":{"line":14,"column":16}},"7":{"start":{"line":16,"column":4},"end":{"line":16,"column":17}},"8":{"start":{"line":12,"column":0},"end":{"line":12,"column":16}},"9":{"start":{"line":21,"column":2},"end":{"line":25,"column":null}},"10":{"start":{"line":22,"column":4},"end":{"line":22,"column":16}},"11":{"start":{"line":24,"column":4},"end":{"line":24,"column":17}},"12":{"start":{"line":20,"column":0},"end":{"line":20,"column":16}},"13":{"start":{"line":29,"column":2},"end":{"line":34,"column":null}},"14":{"start":{"line":30,"column":4},"end":{"line":30,"column":31}},"15":{"start":{"line":31,"column":4},"end":{"line":31,"column":16}},"16":{"start":{"line":33,"column":4},"end":{"line":33,"column":17}},"17":{"start":{"line":28,"column":0},"end":{"line":28,"column":16}}},"fnMap":{"0":{"name":"isGroupMessage","decl":{"start":{"line":4,"column":16},"end":{"line":4,"column":30}},"loc":{"start":{"line":4,"column":39},"end":{"line":10,"column":1}}},"1":{"name":"isFriendMessage","decl":{"start":{"line":12,"column":16},"end":{"line":12,"column":31}},"loc":{"start":{"line":12,"column":40},"end":{"line":18,"column":1}}},"2":{"name":"isChatMessage","decl":{"start":{"line":20,"column":16},"end":{"line":20,"column":29}},"loc":{"start":{"line":20,"column":38},"end":{"line":26,"column":1}}},"3":{"name":"isOperatorFunction","decl":{"start":{"line":28,"column":16},"end":{"line":28,"column":34}},"loc":{"start":{"line":28,"column":43},"end":{"line":35,"column":1}}}},"branchMap":{"0":{"loc":{"start":{"line":5,"column":2},"end":{"line":9,"column":null}},"type":"if","locations":[{"start":{"line":5,"column":2},"end":{"line":9,"column":null}},{"start":{"line":7,"column":9},"end":{"line":9,"column":null}}]},"1":{"loc":{"start":{"line":13,"column":2},"end":{"line":17,"column":null}},"type":"if","locations":[{"start":{"line":13,"column":2},"end":{"line":17,"column":null}},{"start":{"line":15,"column":9},"end":{"line":17,"column":null}}]},"2":{"loc":{"start":{"line":21,"column":2},"end":{"line":25,"column":null}},"type":"if","locations":[{"start":{"line":21,"column":2},"end":{"line":25,"column":null}},{"start":{"line":23,"column":9},"end":{"line":25,"column":null}}]},"3":{"loc":{"start":{"line":21,"column":6},"end":{"line":21,"column":93}},"type":"binary-expr","locations":[{"start":{"line":21,"column":6},"end":{"line":21,"column":33}},{"start":{"line":21,"column":37},"end":{"line":21,"column":64}},{"start":{"line":21,"column":68},"end":{"line":21,"column":93}}]}},"s":{"0":1,"1":0,"2":0,"3":0,"4":1,"5":0,"6":0,"7":0,"8":1,"9":0,"10":0,"11":0,"12":1,"13":0,"14":0,"15":0,"16":0,"17":1},"f":{"0":0,"1":0,"2":0,"3":0},"b":{"0":[0,0],"1":[0,0],"2":[0,0],"3":[0,0,0]}}
}
