TN:
SF:package/common/logger.adapter.ts
FN:8,(anonymous_0)
FNF:1
FNH:1
FNDA:33,(anonymous_0)
DA:3,1
DA:5,1
DA:9,33
LF:3
LH:3
BRDA:9,0,0,0
BRDA:9,0,1,33
BRF:2
BRH:1
end_of_record
TN:
SF:package/common/logger.factory.ts
FN:5,mitsukiLoggerFactory
FN:12,(anonymous_8)
FNF:2
FNH:2
FNDA:33,mitsukiLoggerFactory
FNDA:284,(anonymous_8)
DA:2,1
DA:3,1
DA:5,1
DA:6,33
DA:13,284
DA:22,33
LF:6
LH:6
BRF:0
BRH:0
end_of_record
TN:
SF:package/core/container.ts
FN:51,(anonymous_1)
FN:58,(anonymous_2)
FN:69,(anonymous_3)
FN:81,(anonymous_4)
FN:82,(anonymous_5)
FN:87,(anonymous_6)
FN:96,(anonymous_7)
FN:97,(anonymous_8)
FN:107,(anonymous_9)
FN:135,(anonymous_10)
FN:151,(anonymous_11)
FN:156,(anonymous_12)
FN:187,(anonymous_13)
FN:214,(anonymous_14)
FN:228,(anonymous_15)
FN:235,(anonymous_16)
FN:300,(anonymous_17)
FN:334,(anonymous_18)
FN:351,(anonymous_19)
FN:354,(anonymous_20)
FN:376,(anonymous_21)
FN:473,(anonymous_22)
FN:485,(anonymous_23)
FN:499,(anonymous_24)
FN:508,(anonymous_25)
FN:529,(anonymous_26)
FN:546,(anonymous_27)
FN:552,(anonymous_28)
FN:620,(anonymous_29)
FN:629,(anonymous_30)
FN:636,(anonymous_31)
FN:684,(anonymous_32)
FN:689,(anonymous_33)
FN:691,(anonymous_34)
FN:698,(anonymous_35)
FN:705,(anonymous_36)
FNF:36
FNH:20
FNDA:28,(anonymous_1)
FNDA:22,(anonymous_2)
FNDA:9,(anonymous_3)
FNDA:4,(anonymous_4)
FNDA:3,(anonymous_5)
FNDA:3,(anonymous_6)
FNDA:9,(anonymous_7)
FNDA:15,(anonymous_8)
FNDA:19,(anonymous_9)
FNDA:18,(anonymous_10)
FNDA:9,(anonymous_11)
FNDA:0,(anonymous_12)
FNDA:0,(anonymous_13)
FNDA:19,(anonymous_14)
FNDA:9,(anonymous_15)
FNDA:0,(anonymous_16)
FNDA:8,(anonymous_17)
FNDA:15,(anonymous_18)
FNDA:0,(anonymous_19)
FNDA:0,(anonymous_20)
FNDA:23,(anonymous_21)
FNDA:0,(anonymous_22)
FNDA:0,(anonymous_23)
FNDA:3,(anonymous_24)
FNDA:3,(anonymous_25)
FNDA:0,(anonymous_26)
FNDA:0,(anonymous_27)
FNDA:0,(anonymous_28)
FNDA:22,(anonymous_29)
FNDA:0,(anonymous_30)
FNDA:0,(anonymous_31)
FNDA:0,(anonymous_32)
FNDA:0,(anonymous_33)
FNDA:0,(anonymous_34)
FNDA:0,(anonymous_35)
FNDA:1,(anonymous_36)
DA:2,1
DA:4,1
DA:25,1
DA:26,1
DA:27,1
DA:28,1
DA:29,1
DA:31,1
DA:32,1
DA:33,1
DA:35,1
DA:36,28
DA:37,1
DA:39,1
DA:40,1
DA:41,1
DA:42,1
DA:43,1
DA:44,1
DA:52,28
DA:53,28
DA:54,28
DA:55,28
DA:56,28
DA:59,22
DA:60,1
DA:61,1
DA:63,21
DA:64,21
DA:66,21
DA:67,21
DA:70,9
DA:71,9
DA:72,3
DA:74,6
DA:75,6
DA:76,2
DA:77,2
DA:79,4
DA:80,4
DA:81,4
DA:82,4
DA:83,3
DA:84,3
DA:86,4
DA:88,3
DA:89,3
DA:97,9
DA:98,15
DA:99,2
DA:102,13
DA:115,19
DA:116,2
DA:117,0
DA:123,0
DA:124,0
DA:127,19
DA:128,19
DA:134,18
DA:135,18
DA:136,18
DA:137,18
DA:138,18
DA:139,18
DA:140,16
DA:142,18
DA:145,0
DA:146,0
DA:147,0
DA:148,0
DA:156,9
DA:157,0
DA:162,0
DA:165,9
DA:166,0
DA:168,0
DA:169,0
DA:170,0
DA:171,0
DA:172,0
DA:176,0
DA:179,0
DA:180,0
DA:181,0
DA:182,0
DA:184,0
DA:185,0
DA:187,0
DA:189,0
DA:190,0
DA:193,0
DA:194,0
DA:195,0
DA:198,0
DA:201,0
DA:203,0
DA:204,0
DA:207,0
DA:208,0
DA:211,0
DA:221,19
DA:223,19
DA:224,19
DA:226,0
DA:228,19
DA:230,9
DA:235,9
DA:236,0
DA:241,0
DA:245,9
DA:246,0
DA:248,9
DA:249,9
DA:250,0
DA:251,0
DA:252,0
DA:253,0
DA:254,0
DA:255,0
DA:256,0
DA:259,0
DA:260,0
DA:263,9
DA:272,0
DA:275,0
DA:279,9
DA:280,9
DA:281,9
DA:282,6
DA:286,9
DA:289,9
DA:296,19
DA:297,11
DA:299,10
DA:300,10
DA:301,8
DA:302,2
DA:303,2
DA:311,0
DA:312,0
DA:313,0
DA:314,0
DA:316,6
DA:317,0
DA:320,0
DA:324,6
DA:326,10
DA:328,0
DA:330,8
DA:335,15
DA:336,15
DA:339,15
DA:340,0
DA:342,15
DA:346,15
DA:347,15
DA:348,0
DA:351,15
DA:352,0
DA:354,0
DA:355,0
DA:356,0
DA:358,0
DA:361,15
DA:362,15
DA:364,15
DA:365,15
DA:366,0
DA:369,15
DA:370,15
DA:371,15
DA:372,2
DA:373,13
DA:374,13
DA:376,15
DA:377,23
DA:378,11
DA:379,4
DA:380,1
DA:381,1
DA:387,1
DA:388,1
DA:390,3
DA:391,3
DA:392,3
DA:393,7
DA:394,2
DA:395,0
DA:396,0
DA:402,0
DA:403,0
DA:405,2
DA:406,2
DA:407,2
DA:408,2
DA:409,5
DA:410,4
DA:411,0
DA:412,0
DA:418,0
DA:419,0
DA:421,4
DA:422,3
DA:423,3
DA:425,1
DA:426,1
DA:429,12
DA:430,12
DA:431,12
DA:432,1
DA:435,1
DA:439,11
DA:440,0
DA:441,0
DA:447,0
DA:448,0
DA:450,11
DA:451,10
DA:452,10
DA:456,15
DA:457,15
DA:458,11
DA:460,11
DA:461,11
DA:462,0
DA:466,11
DA:467,11
DA:468,11
DA:469,0
DA:470,11
DA:471,0
DA:473,11
DA:474,0
DA:475,0
DA:476,0
DA:477,0
DA:478,0
DA:480,0
DA:485,0
DA:486,0
DA:487,0
DA:492,11
DA:494,11
DA:495,11
DA:496,0
DA:498,11
DA:499,11
DA:500,3
DA:501,0
DA:502,0
DA:504,3
DA:505,3
DA:507,3
DA:508,3
DA:509,3
DA:510,0
DA:511,0
DA:512,0
DA:515,0
DA:517,0
DA:524,0
DA:525,0
DA:526,0
DA:528,0
DA:530,0
DA:531,0
DA:532,0
DA:533,0
DA:534,0
DA:536,0
DA:538,0
DA:541,0
DA:543,0
DA:544,0
DA:545,0
DA:546,0
DA:547,0
DA:548,0
DA:552,0
DA:553,0
DA:554,0
DA:564,0
DA:565,0
DA:566,0
DA:574,0
DA:575,0
DA:576,0
DA:577,0
DA:588,0
DA:590,0
DA:591,0
DA:592,0
DA:597,0
DA:598,0
DA:600,3
DA:604,3
DA:605,3
DA:608,11
DA:609,3
DA:612,11
DA:613,11
DA:614,0
DA:617,11
DA:621,22
DA:622,0
DA:623,0
DA:625,22
DA:626,22
DA:635,0
DA:636,0
DA:637,0
DA:638,0
DA:639,0
DA:640,0
DA:641,0
DA:642,0
DA:643,0
DA:644,0
DA:646,0
DA:651,0
DA:653,0
DA:654,0
DA:656,0
DA:661,0
DA:663,0
DA:664,0
DA:665,0
DA:667,0
DA:673,0
DA:679,0
DA:680,0
DA:682,0
DA:689,0
DA:690,0
DA:691,0
DA:692,0
DA:693,0
DA:694,0
DA:698,0
DA:699,0
DA:700,0
DA:706,1
LF:342
LH:175
BRDA:59,0,0,1
BRDA:63,1,0,21
BRDA:71,2,0,3
BRDA:71,2,1,6
BRDA:75,3,0,2
BRDA:91,4,0,0
BRDA:91,4,1,4
BRDA:98,5,0,2
BRDA:98,5,1,13
BRDA:115,6,0,2
BRDA:116,7,0,0
BRDA:116,8,0,2
BRDA:116,8,1,2
BRDA:134,9,0,18
BRDA:134,9,1,0
BRDA:139,10,0,16
BRDA:139,11,0,18
BRDA:139,11,1,2
BRDA:157,12,0,0
BRDA:158,13,0,0
BRDA:158,13,1,0
BRDA:158,13,2,0
BRDA:165,14,0,9
BRDA:168,15,0,0
BRDA:168,15,1,0
BRDA:170,16,0,0
BRDA:170,16,1,0
BRDA:176,17,0,0
BRDA:176,17,1,0
BRDA:187,18,0,0
BRDA:187,18,1,0
BRDA:187,19,0,0
BRDA:187,19,1,0
BRDA:189,20,0,0
BRDA:223,21,0,19
BRDA:223,21,1,0
BRDA:228,22,0,8
BRDA:228,22,1,11
BRDA:228,23,0,19
BRDA:228,23,1,19
BRDA:232,24,0,9
BRDA:232,24,1,0
BRDA:236,25,0,0
BRDA:237,26,0,0
BRDA:237,26,1,0
BRDA:237,26,2,0
BRDA:245,27,0,0
BRDA:249,28,0,0
BRDA:249,28,1,9
BRDA:250,29,0,0
BRDA:250,30,0,0
BRDA:250,30,1,0
BRDA:251,31,0,0
BRDA:251,31,1,0
BRDA:253,32,0,0
BRDA:253,32,1,0
BRDA:255,33,0,0
BRDA:259,34,0,0
BRDA:259,34,1,0
BRDA:263,35,0,0
BRDA:264,36,0,9
BRDA:264,36,1,9
BRDA:264,36,2,9
BRDA:264,36,3,9
BRDA:264,36,4,9
BRDA:264,36,5,9
BRDA:264,36,6,9
BRDA:296,37,0,11
BRDA:296,37,1,8
BRDA:299,38,0,10
BRDA:301,39,0,2
BRDA:301,39,1,6
BRDA:301,40,0,8
BRDA:301,40,1,2
BRDA:302,41,0,2
BRDA:302,41,1,0
BRDA:311,42,0,0
BRDA:311,42,1,0
BRDA:313,43,0,0
BRDA:316,44,0,0
BRDA:316,45,0,6
BRDA:316,45,1,0
BRDA:336,46,0,15
BRDA:336,46,1,0
BRDA:339,47,0,0
BRDA:339,48,0,15
BRDA:339,48,1,0
BRDA:342,49,0,15
BRDA:342,49,1,0
BRDA:347,50,0,0
BRDA:351,51,0,15
BRDA:351,51,1,0
BRDA:351,52,0,15
BRDA:351,52,1,15
BRDA:361,53,0,0
BRDA:361,53,1,15
BRDA:365,54,0,0
BRDA:371,55,0,2
BRDA:371,55,1,13
BRDA:373,56,0,13
BRDA:376,57,0,0
BRDA:376,57,1,15
BRDA:376,58,0,15
BRDA:376,58,1,15
BRDA:377,59,0,11
BRDA:377,59,1,12
BRDA:378,60,0,4
BRDA:378,60,1,7
BRDA:379,61,0,1
BRDA:379,62,0,4
BRDA:379,62,1,1
BRDA:393,63,0,2
BRDA:393,63,1,5
BRDA:394,64,0,0
BRDA:394,65,0,2
BRDA:394,65,1,0
BRDA:409,66,0,4
BRDA:409,66,1,1
BRDA:410,67,0,0
BRDA:410,68,0,4
BRDA:410,68,1,0
BRDA:431,69,0,1
BRDA:439,70,0,0
BRDA:439,71,0,11
BRDA:439,71,1,1
BRDA:456,72,0,15
BRDA:461,73,0,0
BRDA:468,74,0,0
BRDA:468,74,1,11
BRDA:470,75,0,0
BRDA:473,76,0,0
BRDA:473,76,1,11
BRDA:473,77,0,11
BRDA:473,77,1,11
BRDA:474,78,0,0
BRDA:474,78,1,0
BRDA:475,79,0,0
BRDA:475,79,1,0
BRDA:486,80,0,0
BRDA:495,81,0,0
BRDA:499,82,0,8
BRDA:499,82,1,3
BRDA:499,83,0,11
BRDA:499,83,1,11
BRDA:500,84,0,0
BRDA:500,85,0,3
BRDA:500,85,1,0
BRDA:509,86,0,0
BRDA:509,86,1,3
BRDA:509,87,0,3
BRDA:509,87,1,3
BRDA:511,88,0,0
BRDA:524,89,0,0
BRDA:526,90,0,0
BRDA:530,91,0,0
BRDA:532,92,0,0
BRDA:553,93,0,0
BRDA:553,93,1,0
BRDA:564,94,0,0
BRDA:564,95,0,0
BRDA:564,95,1,0
BRDA:565,96,0,0
BRDA:565,96,1,0
BRDA:574,97,0,0
BRDA:574,97,1,0
BRDA:576,98,0,0
BRDA:608,99,0,3
BRDA:613,100,0,0
BRDA:621,101,0,0
BRDA:621,102,0,22
BRDA:621,102,1,0
BRDA:636,103,0,0
BRDA:636,103,1,0
BRDA:636,104,0,0
BRDA:636,104,1,0
BRDA:637,105,0,0
BRDA:637,105,1,0
BRDA:640,106,0,0
BRDA:640,106,1,0
BRDA:642,107,0,0
BRDA:651,108,0,0
BRDA:663,109,0,0
BRDA:679,110,0,0
BRDA:690,111,0,0
BRDA:690,111,1,0
BRDA:692,112,0,0
BRF:186
BRH:83
end_of_record
TN:
SF:package/core/decorator.ts
FN:24,Module
FN:25,(anonymous_1)
FN:33,createClassDecorator
FN:34,(anonymous_3)
FN:35,(anonymous_4)
FN:43,(anonymous_5)
FN:44,(anonymous_6)
FN:51,createMethodDecorator
FN:52,(anonymous_8)
FN:52,(anonymous_9)
FN:58,(anonymous_10)
FN:59,(anonymous_11)
FN:67,Inject
FN:68,(anonymous_13)
FN:75,createParamDecorator
FN:76,(anonymous_15)
FN:77,(anonymous_16)
FN:84,createParamInterceptor
FN:85,(anonymous_18)
FN:86,(anonymous_19)
FN:100,(anonymous_20)
FN:101,(anonymous_21)
FN:108,(anonymous_22)
FN:109,(anonymous_23)
FN:119,(anonymous_24)
FN:125,(anonymous_25)
FN:128,(anonymous_26)
FN:136,(anonymous_27)
FNF:28
FNH:8
FNDA:16,Module
FNDA:16,(anonymous_1)
FNDA:1,createClassDecorator
FNDA:3,(anonymous_3)
FNDA:3,(anonymous_4)
FNDA:22,(anonymous_5)
FNDA:22,(anonymous_6)
FNDA:0,createMethodDecorator
FNDA:0,(anonymous_8)
FNDA:0,(anonymous_9)
FNDA:0,(anonymous_10)
FNDA:0,(anonymous_11)
FNDA:0,Inject
FNDA:0,(anonymous_13)
FNDA:1,createParamDecorator
FNDA:0,(anonymous_15)
FNDA:0,(anonymous_16)
FNDA:0,createParamInterceptor
FNDA:0,(anonymous_18)
FNDA:0,(anonymous_19)
FNDA:0,(anonymous_20)
FNDA:0,(anonymous_21)
FNDA:0,(anonymous_22)
FNDA:0,(anonymous_23)
FNDA:0,(anonymous_24)
FNDA:0,(anonymous_25)
FNDA:0,(anonymous_26)
FNDA:0,(anonymous_27)
DA:12,1
DA:13,1
DA:15,1
DA:16,1
DA:17,1
DA:18,1
DA:19,1
DA:20,1
DA:24,1
DA:25,16
DA:26,16
DA:27,16
DA:28,16
DA:33,1
DA:34,1
DA:35,3
DA:36,3
DA:37,3
DA:41,1
DA:42,1
DA:43,1
DA:44,22
DA:45,22
DA:46,22
DA:47,1
DA:51,1
DA:52,0
DA:53,0
DA:57,1
DA:58,1
DA:59,0
DA:60,0
DA:64,0
DA:67,1
DA:68,0
DA:69,0
DA:70,0
DA:71,0
DA:75,1
DA:76,1
DA:77,0
DA:78,0
DA:79,0
DA:80,0
DA:84,1
DA:85,0
DA:86,0
DA:87,0
DA:88,0
DA:89,0
DA:97,1
DA:99,1
DA:100,1
DA:101,0
DA:102,0
DA:103,0
DA:104,0
DA:107,1
DA:108,1
DA:109,0
DA:110,0
DA:111,0
DA:112,0
DA:119,1
DA:120,0
DA:121,0
DA:125,1
DA:126,0
DA:127,0
DA:128,0
DA:130,0
DA:131,0
DA:133,0
DA:136,0
DA:137,0
DA:138,0
DA:139,0
DA:141,0
LF:78
LH:39
BRDA:37,0,0,0
BRDA:37,0,1,3
BRDA:46,1,0,1
BRF:3
BRH:2
end_of_record
TN:
SF:package/core/type/types.ts
FN:49,isProvider
FN:54,isConstructor
FN:64,isFunction
FN:69,isDirectInstance
FN:74,isArray
FN:97,(anonymous_5)
FN:101,(anonymous_6)
FN:109,isMitsukiPipeInstance
FN:121,(anonymous_8)
FN:138,isScopeContent
FNF:10
FNH:5
FNDA:38,isProvider
FNDA:41,isConstructor
FNDA:3,isFunction
FNDA:0,isDirectInstance
FNDA:0,isArray
FNDA:0,(anonymous_5)
FNDA:0,(anonymous_6)
FNDA:0,isMitsukiPipeInstance
FNDA:1,(anonymous_8)
FNDA:14,isScopeContent
DA:4,1
DA:49,1
DA:50,38
DA:54,1
DA:55,41
DA:56,41
DA:57,41
DA:59,0
DA:64,1
DA:65,3
DA:66,0
DA:69,1
DA:70,0
DA:71,0
DA:74,1
DA:75,0
DA:76,0
DA:95,1
DA:100,1
DA:105,0
DA:109,1
DA:110,0
DA:111,0
DA:113,0
DA:121,1
DA:122,1
DA:123,1
DA:124,1
DA:138,1
DA:139,14
DA:140,2
DA:142,12
LF:32
LH:22
BRDA:65,0,0,3
BRDA:70,1,0,0
BRDA:70,2,0,0
BRDA:70,2,1,0
BRDA:70,2,2,0
BRDA:75,3,0,0
BRDA:110,4,0,0
BRDA:110,4,1,0
BRDA:121,5,0,1
BRDA:121,5,1,1
BRDA:139,6,0,2
BRDA:139,7,0,14
BRDA:139,7,1,2
BRF:13
BRH:6
end_of_record
TN:
SF:package/test/api-setting.ts
FN:8,(anonymous_0)
FNF:1
FNH:1
FNDA:1,(anonymous_0)
DA:9,1
DA:10,1
DA:11,1
DA:15,1
LF:4
LH:4
BRDA:11,0,0,0
BRDA:11,0,1,1
BRF:2
BRH:1
end_of_record
TN:
SF:package/utils/extend.ts
FN:1,extend
FNF:1
FNH:0
FNDA:0,extend
DA:1,1
DA:4,0
DA:6,0
DA:8,0
DA:10,0
DA:11,0
DA:13,0
DA:15,0
LF:8
LH:1
BRDA:6,0,0,0
BRDA:13,1,0,0
BRDA:13,1,1,0
BRDA:13,2,0,0
BRDA:13,2,1,0
BRDA:13,2,2,0
BRF:6
BRH:0
end_of_record
TN:
SF:package/utils/is.ts
FN:4,isGroupMessage
FN:12,isFriendMessage
FN:20,isChatMessage
FN:28,isOperatorFunction
FNF:4
FNH:0
FNDA:0,isGroupMessage
FNDA:0,isFriendMessage
FNDA:0,isChatMessage
FNDA:0,isOperatorFunction
DA:2,1
DA:4,1
DA:5,0
DA:6,0
DA:8,0
DA:12,1
DA:13,0
DA:14,0
DA:16,0
DA:20,1
DA:21,0
DA:22,0
DA:24,0
DA:28,1
DA:29,0
DA:30,0
DA:31,0
DA:33,0
LF:18
LH:5
BRDA:5,0,0,0
BRDA:5,0,1,0
BRDA:13,1,0,0
BRDA:13,1,1,0
BRDA:21,2,0,0
BRDA:21,2,1,0
BRDA:21,3,0,0
BRDA:21,3,1,0
BRDA:21,3,2,0
BRF:9
BRH:0
end_of_record
